<?xml version="1.0" encoding="utf-8"?>
<test-run id="2" testcasecount="13" result="Passed" total="13" passed="13" failed="0" inconclusive="0" skipped="0" asserts="0" engine-version="3.5.0.0" clr-version="4.0.30319.42000" start-time="2026-07-26 06:32:50Z" end-time="2026-07-26 06:34:05Z" duration="75.1749858">
  <test-suite type="TestSuite" id="1000" name="Desk 42" fullname="Desk 42" runstate="Runnable" testcasecount="13" result="Passed" start-time="2026-07-26 06:32:50Z" end-time="2026-07-26 06:34:05Z" duration="75.174986" total="13" passed="13" failed="0" inconclusive="0" skipped="0" asserts="0">
    <properties>
      <property name="platform" value="PlayMode" />
    </properties>
    <test-suite type="Assembly" id="1018" name="Desk42.Tests.PlayMode.dll" fullname="C:/Users/jacob/Desk 42/Library/ScriptAssemblies/Desk42.Tests.PlayMode.dll" runstate="Runnable" testcasecount="13" result="Passed" start-time="2026-07-26 06:32:50Z" end-time="2026-07-26 06:34:05Z" duration="75.169979" total="13" passed="13" failed="0" inconclusive="0" skipped="0" asserts="0">
      <properties>
        <property name="_PID" value="11228" />
        <property name="_APPDOMAIN" value="Unity Child Domain" />
        <property name="platform" value="PlayMode" />
      </properties>
      <test-suite type="TestSuite" id="1019" name="Desk42" fullname="Desk42" runstate="Runnable" testcasecount="13" result="Passed" start-time="2026-07-26 06:32:50Z" end-time="2026-07-26 06:34:05Z" duration="75.169487" total="13" passed="13" failed="0" inconclusive="0" skipped="0" asserts="0">
        <properties>
          <property name="platform" value="PlayMode" />
        </properties>
        <test-suite type="TestSuite" id="1020" name="Tests" fullname="Desk42.Tests" runstate="Runnable" testcasecount="13" result="Passed" start-time="2026-07-26 06:32:50Z" end-time="2026-07-26 06:34:05Z" duration="75.169190" total="13" passed="13" failed="0" inconclusive="0" skipped="0" asserts="0">
          <properties>
            <property name="platform" value="PlayMode" />
          </properties>
          <test-suite type="TestSuite" id="1021" name="PlayMode" fullname="Desk42.Tests.PlayMode" runstate="Runnable" testcasecount="13" result="Passed" start-time="2026-07-26 06:32:50Z" end-time="2026-07-26 06:34:05Z" duration="75.168844" total="13" passed="13" failed="0" inconclusive="0" skipped="0" asserts="0">
            <properties>
              <property name="platform" value="PlayMode" />
            </properties>
            <test-suite type="TestFixture" id="1001" name="EliasFiveShiftRoutePlayModeTests" fullname="Desk42.Tests.PlayMode.EliasFiveShiftRoutePlayModeTests" classname="Desk42.Tests.PlayMode.EliasFiveShiftRoutePlayModeTests" runstate="Runnable" testcasecount="3" result="Passed" start-time="2026-07-26 06:32:50Z" end-time="2026-07-26 06:32:52Z" duration="2.075484" total="3" passed="3" failed="0" inconclusive="0" skipped="0" asserts="0">
              <properties>
                <property name="platform" value="PlayMode" />
              </properties>
              <test-case id="1002" name="RouteA_NormalisedAddress_CompletesFiveShiftProof" fullname="Desk42.Tests.PlayMode.EliasFiveShiftRoutePlayModeTests.RouteA_NormalisedAddress_CompletesFiveShiftProof" methodname="RouteA_NormalisedAddress_CompletesFiveShiftProof" classname="Desk42.Tests.PlayMode.EliasFiveShiftRoutePlayModeTests" runstate="Runnable" seed="871528924" result="Passed" start-time="2026-07-26 06:32:50Z" end-time="2026-07-26 06:32:51Z" duration="1.024569" asserts="0">
                <properties>
                  <property name="_JOINTYPE" value="UnityCombinatorial" />
                  <property name="platform" value="PlayMode" />
                  <property name="retryIteration" value="0" />
                  <property name="repeatIteration" value="0" />
                </properties>
                <output><![CDATA[[FMODManager] FMOD not available (DESK42_FMOD not defined). Audio stubs active.
[Analytics] Logging to C:/Users/jacob/AppData/LocalLow/DefaultCompany/Desk 42\analytics\2026-07-26.jsonl
[Achievements] Local store loaded (6 unlocked).
[GameManager] Boot complete. Global shift: 0. Active run: False.
[LeaderboardManager] Using local JSON provider (offline mode).
[GameManager] Scene loaded: MainMenu
[EliasProof] Session started: five-shift-route-a.
[SeedEngine] Initialised with seed 421001 (AAN5EK).
[Auditor] Run start. Tokens: 1
[RunStateController] Archetype: The Auditor. Deck: 10 cards, hand size: 5.
[MoralInjurySystem] Soul cap after scar load: 100.
[EncounterManager] _punchCardMachine not assigned.
[EncounterManager] _clientView not assigned.
[EncounterManager] _claimPanel not assigned.
[EncounterManager] _cardHandView not assigned.
[EncounterManager] _clientAnchor not assigned.
[EliasProof] appearance=elias_shift_1 priorVisits=0 currentVisit=1 recordedNow=True.
[EncounterManager] Encounter started: elias_shift_1_claim (moth_accountant). Hand: 5 cards.
[EncounterManager] Resolved 'elias_shift_1_claim' — Approve. Credits: 12, Sanity: -3, Soul: -1, Dark Intel: 0.
[SeedEngine] Initialised with seed 421002 (AAN5EL).
[Auditor] Run start. Tokens: 1
[RunStateController] Archetype: The Auditor. Deck: 10 cards, hand size: 5.
[MoralInjurySystem] Soul cap after scar load: 100.
[EliasProof] appearance=elias_shift_2 priorVisits=1 currentVisit=2 recordedNow=True.
[EncounterManager] Encounter started: elias_shift_2_claim (moth_accountant). Hand: 5 cards.
[EliasProof] procedure=AmendRecord appearance=elias_shift_2 branch=NormalisedAddress receipt=elias_shift2_amend_record streakDelta=+1.
[EncounterManager] Resolved 'elias_shift_2_claim' — Deny. Credits: 0, Sanity: -3, Soul: 0, Dark Intel: 0.
[SeedEngine] Initialised with seed 421003 (AAN5EM).
[Auditor] Run start. Tokens: 1
[RunStateController] Archetype: The Auditor. Deck: 10 cards, hand size: 5.
[MoralInjurySystem] Soul cap after scar load: 100.
[SeedEngine] Initialised with seed 421004 (AAN5EN).
[Auditor] Run start. Tokens: 1
[RunStateController] Archetype: The Auditor. Deck: 10 cards, hand size: 5.
[MoralInjurySystem] Soul cap after scar load: 100.
[SeedEngine] Initialised with seed 421005 (AAN5EP).
[Auditor] Run start. Tokens: 1
[RunStateController] Archetype: The Auditor. Deck: 10 cards, hand size: 5.
[MoralInjurySystem] Soul cap after scar load: 100.
[EliasProof] appearance=elias_shift_5 priorVisits=2 currentVisit=3 recordedNow=True.
[EncounterManager] Encounter started: elias_shift_5a_claim (moth_accountant). Hand: 5 cards.
[EliasProof] procedure=RequestClarification appearance=elias_shift_5 branch=NormalisedAddress receipt=elias_shift5_request_clarification streakDelta=0.
[EliasProof] aftermath=HouseholdDuplicateReview pending=elias_aftermath_5a_1,elias_aftermath_5a_2.
[EncounterManager] Resolved 'elias_shift_5a_claim' — Approve. Credits: 20, Sanity: -3, Soul: -1, Dark Intel: 0.
[EncounterManager] Encounter started: five-shift-route-a_shift_5_slot_99 (moth_accountant). Hand: 5 cards.
[EncounterManager] Resolved 'five-shift-route-a_shift_5_slot_99' — Deny. Credits: 0, Sanity: -3, Soul: 0, Dark Intel: 0.
[EliasProof] aftermath=HouseholdDuplicateReview claim=elias_aftermath_5a_1 applied=1/2 remaining=1.
[EncounterManager] Encounter started: elias_aftermath_5a_1 (moth_accountant). Hand: 5 cards.
[EncounterManager] Resolved 'elias_aftermath_5a_1' — Approve. Credits: 20, Sanity: -3, Soul: -1, Dark Intel: 0.
[EliasProof] aftermath=HouseholdDuplicateReview claim=elias_aftermath_5a_2 applied=2/2 remaining=0.
[EliasProofRun] testId=five-shift-route-a stableId=elias_venn shift1=Approved/visit1 shift2=visit2/NormalisedAddress/elias_shift2_amend_record/Deny streakDelta=+1 auditRiskDelta=0 shift5=visit3/NormalisedAddress/elias_shift_5a_claim/None/elias_shift5_request_clarification/Approve modifier=HouseholdDuplicateReview
[EncounterManager] Encounter started: elias_aftermath_5a_2 (moth_accountant). Hand: 5 cards.
[EncounterManager] Resolved 'elias_aftermath_5a_2' — Approve. Credits: 20, Sanity: -3, Soul: -1, Dark Intel: 0.
[SaveSystem] ⚠ All save data wiped.
]]></output>
              </test-case>
              <test-case id="1003" name="RouteB_LegacyException_CompletesFiveShiftProof" fullname="Desk42.Tests.PlayMode.EliasFiveShiftRoutePlayModeTests.RouteB_LegacyException_CompletesFiveShiftProof" methodname="RouteB_LegacyException_CompletesFiveShiftProof" classname="Desk42.Tests.PlayMode.EliasFiveShiftRoutePlayModeTests" runstate="Runnable" seed="1096042836" result="Passed" start-time="2026-07-26 06:32:51Z" end-time="2026-07-26 06:32:52Z" duration="0.547082" asserts="0">
                <properties>
                  <property name="_JOINTYPE" value="UnityCombinatorial" />
                  <property name="platform" value="PlayMode" />
                  <property name="retryIteration" value="0" />
                  <property name="repeatIteration" value="0" />
                </properties>
                <output><![CDATA[[Analytics] Logging to C:/Users/jacob/AppData/LocalLow/DefaultCompany/Desk 42\analytics\2026-07-26.jsonl
[Achievements] Local store loaded (6 unlocked).
[GameManager] Boot complete. Global shift: 0. Active run: False.
[GameManager] Scene loaded: MainMenu
[EliasProof] Session started: five-shift-route-b.
[SeedEngine] Initialised with seed 422001 (AAN6DT).
[Auditor] Run start. Tokens: 1
[RunStateController] Archetype: The Auditor. Deck: 10 cards, hand size: 5.
[MoralInjurySystem] Soul cap after scar load: 100.
[EncounterManager] _punchCardMachine not assigned.
[EncounterManager] _clientView not assigned.
[EncounterManager] _claimPanel not assigned.
[EncounterManager] _cardHandView not assigned.
[EncounterManager] _clientAnchor not assigned.
[EliasProof] appearance=elias_shift_1 priorVisits=0 currentVisit=1 recordedNow=True.
[EncounterManager] Encounter started: elias_shift_1_claim (moth_accountant). Hand: 5 cards.
[EncounterManager] Resolved 'elias_shift_1_claim' — Deny. Credits: 0, Sanity: -3, Soul: 0, Dark Intel: 0.
[SeedEngine] Initialised with seed 422002 (AAN6DU).
[Auditor] Run start. Tokens: 1
[RunStateController] Archetype: The Auditor. Deck: 10 cards, hand size: 5.
[MoralInjurySystem] Soul cap after scar load: 100.
[EliasProof] appearance=elias_shift_2 priorVisits=1 currentVisit=2 recordedNow=True.
[EncounterManager] Encounter started: elias_shift_2_claim (moth_accountant). Hand: 5 cards.
[EliasProof] procedure=RetainLegacyUnit appearance=elias_shift_2 branch=LegacyException receipt=elias_shift2_retain_legacy_unit streakDelta=0.
[EncounterManager] Resolved 'elias_shift_2_claim' — Approve. Credits: 14, Sanity: -3, Soul: -1, Dark Intel: 0.
[SeedEngine] Initialised with seed 422003 (AAN6DV).
[Auditor] Run start. Tokens: 1
[RunStateController] Archetype: The Auditor. Deck: 10 cards, hand size: 5.
[MoralInjurySystem] Soul cap after scar load: 100.
[SeedEngine] Initialised with seed 422004 (AAN6DW).
[Auditor] Run start. Tokens: 1
[RunStateController] Archetype: The Auditor. Deck: 10 cards, hand size: 5.
[MoralInjurySystem] Soul cap after scar load: 100.
[SeedEngine] Initialised with seed 422005 (AAN6DX).
[Auditor] Run start. Tokens: 1
[RunStateController] Archetype: The Auditor. Deck: 10 cards, hand size: 5.
[MoralInjurySystem] Soul cap after scar load: 100.
[EliasProof] appearance=elias_shift_5 priorVisits=2 currentVisit=3 recordedNow=True.
[EncounterManager] Encounter started: elias_shift_5b_claim (moth_accountant). Hand: 5 cards.
[EliasProof] procedure=ReferForReview appearance=elias_shift_5 branch=LegacyException receipt=elias_shift5_refer_for_review streakDelta=0.
[EliasProof] aftermath=InternalAuditLockdown pending=elias_aftermath_5b_1.
[EncounterManager] Resolved 'elias_shift_5b_claim' — Deny. Credits: 0, Sanity: -3, Soul: 0, Dark Intel: 0.
[EncounterManager] Encounter started: five-shift-route-b_shift_5_slot_99 (moth_accountant). Hand: 5 cards.
[EncounterManager] Resolved 'five-shift-route-b_shift_5_slot_99' — Deny. Credits: 0, Sanity: -3, Soul: 0, Dark Intel: 0.
[EliasProof] aftermath=InternalAuditLockdown claim=elias_aftermath_5b_1 applied=1/1 remaining=0.
[EliasProofRun] testId=five-shift-route-b stableId=elias_venn shift1=Denied/visit1 shift2=visit2/LegacyException/elias_shift2_retain_legacy_unit/Approve streakDelta=0 auditRiskDelta=0 shift5=visit3/LegacyException/elias_shift_5b_claim/RequestClarificationLocked/elias_shift5_refer_for_review/Deny modifier=InternalAuditLockdown
[EncounterManager] Encounter started: elias_aftermath_5b_1 (moth_accountant). Hand: 5 cards.
[EncounterManager] Resolved 'elias_aftermath_5b_1' — Approve. Credits: 20, Sanity: -3, Soul: -1, Dark Intel: 0.
[SaveSystem] ⚠ All save data wiped.
]]></output>
              </test-case>
              <test-case id="1004" name="RouteC_PhysicalVerification_CompletesFiveShiftProof" fullname="Desk42.Tests.PlayMode.EliasFiveShiftRoutePlayModeTests.RouteC_PhysicalVerification_CompletesFiveShiftProof" methodname="RouteC_PhysicalVerification_CompletesFiveShiftProof" classname="Desk42.Tests.PlayMode.EliasFiveShiftRoutePlayModeTests" runstate="Runnable" seed="1819414233" result="Passed" start-time="2026-07-26 06:32:52Z" end-time="2026-07-26 06:32:52Z" duration="0.492028" asserts="0">
                <properties>
                  <property name="_JOINTYPE" value="UnityCombinatorial" />
                  <property name="platform" value="PlayMode" />
                  <property name="retryIteration" value="0" />
                  <property name="repeatIteration" value="0" />
                </properties>
                <output><![CDATA[[Analytics] Logging to C:/Users/jacob/AppData/LocalLow/DefaultCompany/Desk 42\analytics\2026-07-26.jsonl
[Achievements] Local store loaded (6 unlocked).
[GameManager] Boot complete. Global shift: 0. Active run: False.
[GameManager] Scene loaded: MainMenu
[EliasProof] Session started: five-shift-route-c.
[SeedEngine] Initialised with seed 423001 (AAN7C3).
[Auditor] Run start. Tokens: 1
[RunStateController] Archetype: The Auditor. Deck: 10 cards, hand size: 5.
[MoralInjurySystem] Soul cap after scar load: 100.
[EncounterManager] _punchCardMachine not assigned.
[EncounterManager] _clientView not assigned.
[EncounterManager] _claimPanel not assigned.
[EncounterManager] _cardHandView not assigned.
[EncounterManager] _clientAnchor not assigned.
[EliasProof] appearance=elias_shift_1 priorVisits=0 currentVisit=1 recordedNow=True.
[EncounterManager] Encounter started: elias_shift_1_claim (moth_accountant). Hand: 5 cards.
[EncounterManager] Resolved 'elias_shift_1_claim' — Approve. Credits: 12, Sanity: -3, Soul: -1, Dark Intel: 0.
[SeedEngine] Initialised with seed 423002 (AAN7C4).
[Auditor] Run start. Tokens: 1
[RunStateController] Archetype: The Auditor. Deck: 10 cards, hand size: 5.
[MoralInjurySystem] Soul cap after scar load: 100.
[EliasProof] appearance=elias_shift_2 priorVisits=1 currentVisit=2 recordedNow=True.
[EncounterManager] Encounter started: elias_shift_2_claim (moth_accountant). Hand: 5 cards.
[EliasProof] procedure=ReferForReview appearance=elias_shift_2 branch=PhysicalVerification receipt=elias_shift2_refer_for_review streakDelta=0.
[EncounterManager] Resolved 'elias_shift_2_claim' — Approve. Credits: 14, Sanity: -3, Soul: -1, Dark Intel: 0.
[SeedEngine] Initialised with seed 423003 (AAN7C5).
[Auditor] Run start. Tokens: 1
[RunStateController] Archetype: The Auditor. Deck: 10 cards, hand size: 5.
[MoralInjurySystem] Soul cap after scar load: 100.
[SeedEngine] Initialised with seed 423004 (AAN7C6).
[Auditor] Run start. Tokens: 1
[RunStateController] Archetype: The Auditor. Deck: 10 cards, hand size: 5.
[MoralInjurySystem] Soul cap after scar load: 100.
[SeedEngine] Initialised with seed 423005 (AAN7C7).
[Auditor] Run start. Tokens: 1
[RunStateController] Archetype: The Auditor. Deck: 10 cards, hand size: 5.
[MoralInjurySystem] Soul cap after scar load: 100.
[EliasProof] appearance=elias_shift_5 priorVisits=2 currentVisit=3 recordedNow=True.
[EncounterManager] Encounter started: elias_shift_5c_claim (moth_accountant). Hand: 5 cards.
[EliasProof] procedure=RequestClarification appearance=elias_shift_5 branch=PhysicalVerification receipt=elias_shift5_request_clarification streakDelta=0.
[EliasProof] aftermath=VerificationBacklog pending=elias_aftermath_5c_1,elias_aftermath_5c_2.
[EncounterManager] Resolved 'elias_shift_5c_claim' — Deny. Credits: 0, Sanity: -3, Soul: 0, Dark Intel: 0.
[EncounterManager] Encounter started: five-shift-route-c_shift_5_slot_99 (moth_accountant). Hand: 5 cards.
[EncounterManager] Resolved 'five-shift-route-c_shift_5_slot_99' — Deny. Credits: 0, Sanity: -3, Soul: 0, Dark Intel: 0.
[EliasProof] aftermath=VerificationBacklog claim=elias_aftermath_5c_1 applied=1/2 remaining=1.
[EncounterManager] Encounter started: elias_aftermath_5c_1 (moth_accountant). Hand: 5 cards.
[EncounterManager] Resolved 'elias_aftermath_5c_1' — Approve. Credits: 20, Sanity: -3, Soul: -1, Dark Intel: 0.
[EliasProof] aftermath=VerificationBacklog claim=elias_aftermath_5c_2 applied=2/2 remaining=0.
[EliasProofRun] testId=five-shift-route-c stableId=elias_venn shift1=Approved/visit1 shift2=visit2/PhysicalVerification/elias_shift2_refer_for_review/Approve streakDelta=0 auditRiskDelta=0 shift5=visit3/PhysicalVerification/elias_shift_5c_claim/ReferForReviewLocked/elias_shift5_request_clarification/Deny modifier=VerificationBacklog
[EncounterManager] Encounter started: elias_aftermath_5c_2 (moth_accountant). Hand: 5 cards.
[EncounterManager] Resolved 'elias_aftermath_5c_2' — Approve. Credits: 20, Sanity: -3, Soul: -1, Dark Intel: 0.
[SaveSystem] ⚠ All save data wiped.
]]></output>
              </test-case>
            </test-suite>
            <test-suite type="TestFixture" id="1005" name="EliasProofSessionPlayModeTests" fullname="Desk42.Tests.PlayMode.EliasProofSessionPlayModeTests" classname="Desk42.Tests.PlayMode.EliasProofSessionPlayModeTests" runstate="Runnable" testcasecount="4" result="Passed" start-time="2026-07-26 06:32:52Z" end-time="2026-07-26 06:32:54Z" duration="1.964880" total="4" passed="4" failed="0" inconclusive="0" skipped="0" asserts="0">
              <properties>
                <property name="platform" value="PlayMode" />
              </properties>
              <test-case id="1009" name="AuthoredAftermath_ConsumesOnEncounter_AndRemainsVisible" fullname="Desk42.Tests.PlayMode.EliasProofSessionPlayModeTests.AuthoredAftermath_ConsumesOnEncounter_AndRemainsVisible" methodname="AuthoredAftermath_ConsumesOnEncounter_AndRemainsVisible" classname="Desk42.Tests.PlayMode.EliasProofSessionPlayModeTests" runstate="Runnable" seed="1901920215" result="Passed" start-time="2026-07-26 06:32:52Z" end-time="2026-07-26 06:32:53Z" duration="0.421412" asserts="0">
                <properties>
                  <property name="_JOINTYPE" value="UnityCombinatorial" />
                  <property name="platform" value="PlayMode" />
                  <property name="retryIteration" value="0" />
                  <property name="repeatIteration" value="0" />
                </properties>
                <output><![CDATA[[Analytics] Logging to C:/Users/jacob/AppData/LocalLow/DefaultCompany/Desk 42\analytics\2026-07-26.jsonl
[Achievements] Local store loaded (6 unlocked).
[GameManager] Boot complete. Global shift: 0. Active run: False.
[GameManager] Scene loaded: MainMenu
[SeedEngine] Initialised with seed 421005 (AAN5EP).
[Auditor] Run start. Tokens: 1
[RunStateController] Archetype: The Auditor. Deck: 10 cards, hand size: 5.
[MoralInjurySystem] Soul cap after scar load: 100.
[EliasProof] Session started: aftermath-playmode.
[EliasProof] appearance=elias_shift_1 priorVisits=0 currentVisit=1 recordedNow=True.
[EliasProof] appearance=elias_shift_2 priorVisits=1 currentVisit=2 recordedNow=True.
[EliasProof] procedure=AmendRecord appearance=elias_shift_2 branch=NormalisedAddress receipt=elias_shift2_amend_record streakDelta=+1.
[EliasProof] appearance=elias_shift_5 priorVisits=2 currentVisit=3 recordedNow=True.
[EliasProof] procedure=RequestClarification appearance=elias_shift_5 branch=NormalisedAddress receipt=elias_shift5_request_clarification streakDelta=0.
[EliasProof] aftermath=HouseholdDuplicateReview pending=elias_aftermath_5a_1,elias_aftermath_5a_2.
[EncounterManager] _punchCardMachine not assigned.
[EncounterManager] _clientView not assigned.
[EncounterManager] _claimPanel not assigned.
[EncounterManager] _cardHandView not assigned.
[EncounterManager] _clientAnchor not assigned.
[EliasProof] aftermath=HouseholdDuplicateReview claim=elias_aftermath_5a_1 applied=1/2 remaining=1.
[EncounterManager] Encounter started: elias_aftermath_5a_1 (moth_accountant). Hand: 5 cards.
[SaveSystem] ⚠ All save data wiped.
]]></output>
              </test-case>
              <test-case id="1008" name="ProcedureReceipt_PresentsAnchorBeforeReward_AndProtectsInput" fullname="Desk42.Tests.PlayMode.EliasProofSessionPlayModeTests.ProcedureReceipt_PresentsAnchorBeforeReward_AndProtectsInput" methodname="ProcedureReceipt_PresentsAnchorBeforeReward_AndProtectsInput" classname="Desk42.Tests.PlayMode.EliasProofSessionPlayModeTests" runstate="Runnable" seed="1525188989" result="Passed" start-time="2026-07-26 06:32:53Z" end-time="2026-07-26 06:32:53Z" duration="0.055569" asserts="0">
                <properties>
                  <property name="_JOINTYPE" value="UnityCombinatorial" />
                  <property name="platform" value="PlayMode" />
                  <property name="retryIteration" value="0" />
                  <property name="repeatIteration" value="0" />
                </properties>
                <output><![CDATA[[SaveSystem] ⚠ All save data wiped.
]]></output>
              </test-case>
              <test-case id="1006" name="ProofState_SurvivesFreshRunsAndSceneReconstruction" fullname="Desk42.Tests.PlayMode.EliasProofSessionPlayModeTests.ProofState_SurvivesFreshRunsAndSceneReconstruction" methodname="ProofState_SurvivesFreshRunsAndSceneReconstruction" classname="Desk42.Tests.PlayMode.EliasProofSessionPlayModeTests" runstate="Runnable" seed="1636950083" result="Passed" start-time="2026-07-26 06:32:53Z" end-time="2026-07-26 06:32:53Z" duration="0.614830" asserts="0">
                <properties>
                  <property name="_JOINTYPE" value="UnityCombinatorial" />
                  <property name="platform" value="PlayMode" />
                  <property name="retryIteration" value="0" />
                  <property name="repeatIteration" value="0" />
                </properties>
                <output><![CDATA[[Analytics] Logging to C:/Users/jacob/AppData/LocalLow/DefaultCompany/Desk 42\analytics\2026-07-26.jsonl
[Achievements] Local store loaded (6 unlocked).
[GameManager] Boot complete. Global shift: 0. Active run: False.
[GameManager] Scene loaded: MainMenu
[EliasProof] Session started: scene-continuity.
[SeedEngine] Initialised with seed 101 (AAAADF).
[Auditor] Run start. Tokens: 1
[RunStateController] Archetype: The Auditor. Deck: 10 cards, hand size: 5.
[MoralInjurySystem] Soul cap after scar load: 100.
[EliasProof] appearance=elias_shift_1 priorVisits=0 currentVisit=1 recordedNow=True.
[SeedEngine] Initialised with seed 202 (AAAAGL).
[Auditor] Run start. Tokens: 1
[RunStateController] Archetype: The Auditor. Deck: 10 cards, hand size: 5.
[MoralInjurySystem] Soul cap after scar load: 100.
[EliasProof] appearance=elias_shift_2 priorVisits=1 currentVisit=2 recordedNow=True.
[EliasProof] Session ended: scene-continuity.
[SaveSystem] ⚠ All save data wiped.
]]></output>
              </test-case>
              <test-case id="1007" name="Shift1Scene_WiresContentAndSchedulesOneEliasAtClaimTwo" fullname="Desk42.Tests.PlayMode.EliasProofSessionPlayModeTests.Shift1Scene_WiresContentAndSchedulesOneEliasAtClaimTwo" methodname="Shift1Scene_WiresContentAndSchedulesOneEliasAtClaimTwo" classname="Desk42.Tests.PlayMode.EliasProofSessionPlayModeTests" runstate="Runnable" seed="1139193433" result="Passed" start-time="2026-07-26 06:32:53Z" end-time="2026-07-26 06:32:54Z" duration="0.871595" asserts="0">
                <properties>
                  <property name="_JOINTYPE" value="UnityCombinatorial" />
                  <property name="platform" value="PlayMode" />
                  <property name="retryIteration" value="0" />
                  <property name="repeatIteration" value="0" />
                </properties>
                <output><![CDATA[[Analytics] Logging to C:/Users/jacob/AppData/LocalLow/DefaultCompany/Desk 42\analytics\2026-07-26.jsonl
[Achievements] Local store loaded (6 unlocked).
[GameManager] Boot complete. Global shift: 0. Active run: False.
[GameManager] Scene loaded: MainMenu
[SeedEngine] Initialised with seed 421001 (AAN5EK).
[Auditor] Run start. Tokens: 1
[RunStateController] Archetype: The Auditor. Deck: 10 cards, hand size: 5.
[MoralInjurySystem] Soul cap after scar load: 100.
[Desk42Services] Overwriting existing registration for CorpOSWindowManager.
[TideSystem] Initialized. Shift 1. First hazard in 75s.
[EliasProof] Session started: proof-AAN5EK.
[ShiftManager] Generated 8 claims for shift 1.
[TideSystem] Phase changed to MorningBlock. Pressure: 0.
[ShiftManager] Dequeued: CLM-41636 (gel_anomaly). Claim 1/3 this ante. Remaining in queue: 7.
[ShiftManager] Started. Phase: MorningBlock, Queue: 7 claims, Quota: 0/3.
[SaveSystem] ⚠ All save data wiped.
]]></output>
              </test-case>
            </test-suite>
            <test-suite type="TestFixture" id="1010" name="PunchCardMachinePlayModeTests" fullname="Desk42.Tests.PlayMode.PunchCardMachinePlayModeTests" classname="Desk42.Tests.PlayMode.PunchCardMachinePlayModeTests" runstate="Runnable" testcasecount="2" result="Passed" start-time="2026-07-26 06:32:54Z" end-time="2026-07-26 06:32:56Z" duration="1.525052" total="2" passed="2" failed="0" inconclusive="0" skipped="0" asserts="0">
              <properties>
                <property name="platform" value="PlayMode" />
              </properties>
              <test-case id="1011" name="Cascade_PresentsOnlyModifiersThatChangedTheResult" fullname="Desk42.Tests.PlayMode.PunchCardMachinePlayModeTests.Cascade_PresentsOnlyModifiersThatChangedTheResult" methodname="Cascade_PresentsOnlyModifiersThatChangedTheResult" classname="Desk42.Tests.PlayMode.PunchCardMachinePlayModeTests" runstate="Runnable" seed="1092440553" result="Passed" start-time="2026-07-26 06:32:54Z" end-time="2026-07-26 06:32:55Z" duration="0.454337" asserts="0">
                <properties>
                  <property name="_JOINTYPE" value="UnityCombinatorial" />
                  <property name="platform" value="PlayMode" />
                  <property name="retryIteration" value="0" />
                  <property name="repeatIteration" value="0" />
                </properties>
              </test-case>
              <test-case id="1012" name="ClickAndDrag_UseOneImpactSequenceAndOneResultEach" fullname="Desk42.Tests.PlayMode.PunchCardMachinePlayModeTests.ClickAndDrag_UseOneImpactSequenceAndOneResultEach" methodname="ClickAndDrag_UseOneImpactSequenceAndOneResultEach" classname="Desk42.Tests.PlayMode.PunchCardMachinePlayModeTests" runstate="Runnable" seed="1799808106" result="Passed" start-time="2026-07-26 06:32:55Z" end-time="2026-07-26 06:32:56Z" duration="1.068707" asserts="0">
                <properties>
                  <property name="_JOINTYPE" value="UnityCombinatorial" />
                  <property name="platform" value="PlayMode" />
                  <property name="retryIteration" value="0" />
                  <property name="repeatIteration" value="0" />
                </properties>
                <output><![CDATA[[SeedEngine] Initialised with seed 424242 (AAN8KU).
[Desk42Services] Overwriting existing registration for PunchCardMachine.
[StateStack] Pushed Pending (duration: 10s, depth: 1)
[StateStack] Pushed Pending (duration: 10s, depth: 2)
]]></output>
              </test-case>
            </test-suite>
            <test-suite type="TestFixture" id="1013" name="ShiftPlaythrough" fullname="Desk42.Tests.PlayMode.ShiftPlaythrough" classname="Desk42.Tests.PlayMode.ShiftPlaythrough" runstate="Runnable" testcasecount="4" result="Passed" start-time="2026-07-26 06:32:56Z" end-time="2026-07-26 06:34:05Z" duration="69.601946" total="4" passed="4" failed="0" inconclusive="0" skipped="0" asserts="0">
              <properties>
                <property name="Category" value="PlaytestHarness" />
                <property name="Timeout" value="900000" />
                <property name="platform" value="PlayMode" />
              </properties>
              <test-case id="1014" name="Shift1_Seed421001" fullname="Desk42.Tests.PlayMode.ShiftPlaythrough.Shift1_Seed421001" methodname="Shift1_Seed421001" classname="Desk42.Tests.PlayMode.ShiftPlaythrough" runstate="Runnable" seed="1984999318" result="Passed" start-time="2026-07-26 06:32:56Z" end-time="2026-07-26 06:33:08Z" duration="11.908990" asserts="0">
                <properties>
                  <property name="_JOINTYPE" value="UnityCombinatorial" />
                  <property name="platform" value="PlayMode" />
                  <property name="retryIteration" value="0" />
                  <property name="repeatIteration" value="0" />
                </properties>
                <output><![CDATA[[HARNESS] === HARNESS SHIFT 1 SEED 421001 timeScale=2 2026-07-26T07:32:56.4006671+01:00 ===
[Analytics] Logging to C:/Users/jacob/AppData/LocalLow/DefaultCompany/Desk 42\analytics\2026-07-26.jsonl
[Achievements] Local store loaded (6 unlocked).
[GameManager] Boot complete. Global shift: 0. Active run: False.
[GameManager] Scene loaded: MainMenu
[HARNESS] [boot] Ready. GameManager.Phase=4
[HARNESS] [harness] subscribed to 26 RumorMill events
[SeedEngine] Initialised with seed 421001 (AAN5EK).
[Auditor] Run start. Tokens: 1
[RunStateController] Archetype: The Auditor. Deck: 10 cards, hand size: 5.
[MoralInjurySystem] Soul cap after scar load: 100.
[Desk42Services] Overwriting existing registration for CorpOSWindowManager.
[HARNESS] [evt ShiftLifecycleEvent] ShiftNumber=1 IsStart=True Phase=ClockIn Seed=421001
[EntropyManager] Reset.
[GameManager] Scene loaded: Shift
[TideSystem] Initialized. Shift 1. First hazard in 75s.
[EliasProof] Session started: proof-AAN5EK.
[ShiftManager] Generated 8 claims for shift 1.
[TideSystem] Phase changed to MorningBlock. Pressure: 0.
[ShiftManager] Dequeued: CLM-41636 (gel_anomaly). Claim 1/3 this ante. Remaining in queue: 7.
[ShiftManager] Started. Phase: MorningBlock, Queue: 7 claims, Quota: 0/3.
[HARNESS] [shift] Scene active. Sanity=100.0
[HARNESS] [shot] start skipped (headless)
[HARNESS] [evt ShiftPhaseChangedEvent] Previous=ClockIn Current=MorningBlock
[HARNESS] [evt ClaimQueuedEvent] Claim=Desk42.Core.ActiveClaimData QueueRemaining=7
[CardHandView] Rebuilt: 0 buttons (hand had 0 cards).
[SpatialThreat] queue pressure (7 pending) @ (-2.50, 0.20, 0.50)
[CardHandView] Rebuilt: 1 buttons (hand had 1 cards).
[CardHandView] Rebuilt: 2 buttons (hand had 2 cards).
[CardHandView] Rebuilt: 3 buttons (hand had 3 cards).
[CardHandView] Rebuilt: 4 buttons (hand had 4 cards).
[CardHandView] Rebuilt: 5 buttons (hand had 5 cards).
[CardHandView] Rebuilt: 5 buttons (hand had 5 cards).
[EncounterManager] Encounter started: CLM-41636 (gel_anomaly). Hand: 5 cards.
The character with Unicode value \u2600 was not found in the [LiberationSans SDF] font asset or any potential fallbacks. It was replaced by Unicode character \u25A1 in text object [Label].
[HARNESS] [shot] card-face skipped (headless)
[HARNESS] [evt CardPreviewEvent] Projection=Desk42.Core.ProjectedCardResolution CardInstanceId=87ef79f6-802b-43e3-9967-7a53b049eceb IsVisible=True
[HARNESS] [shot] card-preview skipped (headless)
[HARNESS] [evt CardPreviewEvent] Projection=Desk42.Core.ProjectedCardResolution CardInstanceId=87ef79f6-802b-43e3-9967-7a53b049eceb IsVisible=False
[HARNESS] [shot] decision-preview skipped (headless)
[ClientView] DarkHumour: cooperative_route_inject → [dark_humour.cooperative_route_inject]
[TellSystem] No tell defined for type 'ForcedSmile' (visitCount: 0)
[StateStack] Pushed Cooperative (duration: 8s, depth: 1)
[HARNESS] [shot] injected-state skipped (headless)
[HARNESS] [evt CardSlamIntentEvent] CardType=Analyse CardDisplayName=ANALYSE CardInstanceId=878609a7-1938-4ffb-945d-ca03ff4fa514 TimeToImpact=0.40
[HARNESS] [evt CardSlammedEvent] Result=Desk42.Core.AppliedCardResolution CardType=Analyse CardInstanceId=878609a7-1938-4ffb-945d-ca03ff4fa514 ClientVariantId=gel_anomaly_335 StateBefore=Pending StateAfter=Pending CurrentFatigue=0 Outcome=BlockedByState RequiredCredits=0 FailureReason=ANALYSE has no transition from PENDING. CreditsDelta=0 SanityDelta=0.00 SoulIntegrityDelta=0.00 BlockingModifierId=null CardId=878609a7-1938-4ffb-945d-ca03ff4fa514
[HARNESS] [shot] card-impact-no-procedure skipped (headless)
[BehaviourTree] Blocker inserted for Redact (redact_exemption).
[HARNESS] [evt CardSlamIntentEvent] CardType=Redact CardDisplayName=REDACT CardInstanceId=fba1ca8d-5839-4871-bb69-3510363d99e2 TimeToImpact=0.40
[ClientView] DarkHumour: pre_filed_exemption → [dark_humour.pre_filed_exemption]
[HARNESS] [evt CardSlammedEvent] Result=Desk42.Core.AppliedCardResolution CardType=Redact CardInstanceId=fba1ca8d-5839-4871-bb69-3510363d99e2 ClientVariantId=gel_anomaly_335 StateBefore=Pending StateAfter=Pending CurrentFatigue=0 Outcome=BlockedByExemption RequiredCredits=0 FailureReason=Pre-filed exemption: redact exemption blocks REDACT. CreditsDelta=0 SanityDelta=0.00 SoulIntegrityDelta=0.00 BlockingModifierId=redact_exemption CardId=fba1ca8d-5839-4871-bb69-3510363d99e2
[HARNESS] [shot] card-impact-blocked skipped (headless)
[HARNESS] [input] SLAM card=Card_Analyse id=5fa19269-f5df-40b3-8cf7-476ea4ee5524
[HARNESS] [evt CardSlamIntentEvent] CardType=Analyse CardDisplayName=ANALYSE CardInstanceId=5fa19269-f5df-40b3-8cf7-476ea4ee5524 TimeToImpact=0.40
[HARNESS] [evt CardSlammedEvent] Result=Desk42.Core.AppliedCardResolution CardType=Analyse CardInstanceId=5fa19269-f5df-40b3-8cf7-476ea4ee5524 ClientVariantId=gel_anomaly_335 StateBefore=Pending StateAfter=Pending CurrentFatigue=0 Outcome=BlockedByState RequiredCredits=0 FailureReason=ANALYSE has no transition from PENDING. CreditsDelta=0 SanityDelta=0.00 SoulIntegrityDelta=0.00 BlockingModifierId=null CardId=5fa19269-f5df-40b3-8cf7-476ea4ee5524
[HARNESS] [input] SLAM resolved=Desk42.RedTape.SlamResult
[HARNESS] [input] APPROVE (sanity=100.0, phase=MorningBlock)
[HARNESS] [evt SanityChangedEvent] Previous=100.00 Current=96.00 TriggeredFugue=False
[EncounterManager] Resolved 'CLM-41636' — Approve. Credits: 12, Sanity: -4, Soul: -1, Dark Intel: 0.
[HARNESS] [evt DilemmaTriggeredEvent] Prompt=The new intern is stuck in a 5-minute time loop, repeating the same coffee run. EthicalLabel=Break the loop. BureaucraticLabel=Have him run errands. OnEthical=<callback> OnBureaucratic=<callback>
[HARNESS] [input] DILEMMA -> ETHICAL: Prompt=The new intern is stuck in a 5-minute time loop, repeating the same coffee run. EthicalLabel=Break the loop. BureaucraticLabel=Have him run errands. OnEthical=<callback> OnBureaucratic=<callbac…
[HARNESS] [evt SoulIntegrityChangedEvent] Previous=100.00 Current=99.00 Delta=-1.00
[HARNESS] [evt ClaimResolvedEvent] Result=Desk42.Core.AppliedClaimResolution ClaimId=CLM-41636 Kind=Approve CreditsDelta=12 SanityDelta=-4.00 SoulIntegrityDelta=-1.00 DarkIntelligenceDelta=0 ClientVariantId=gel_anomaly_335 ClientSpeciesId=gel_anomaly
[CascadeReactor] Factions affected: Legal +2, Accounting -1
[HARNESS] [evt MemoGeneratedEvent] MemoId=memo_CLM-41636 ClaimId=CLM-41636 Headline=Memo: gel_anomaly_335 Body=FROM: Compliance Monitoring
TO: Desk 42
RE: Shift 1 Processing Note

This memo serves as notice that T. Marlowe's claim …
[ShiftManager] Memo generated: memo_CLM-41636 for claim CLM-41636.
[ShiftManager] Dequeued: elias_shift_1_claim (moth_accountant). Claim 2/3 this ante. Remaining in queue: 6.
[DilemmaSystem] Moral_TemporalIntern: ETHICAL choice. Soul Δ=+10.0, Credit Δ=-15.
[HARNESS] [evt ClaimQueuedEvent] Claim=Desk42.Core.ActiveClaimData QueueRemaining=6
[CardHandView] Rebuilt: 5 buttons (hand had 5 cards).
[EliasProof] appearance=elias_shift_1 priorVisits=0 currentVisit=1 recordedNow=True.
[CardHandView] Rebuilt: 5 buttons (hand had 5 cards).
[EncounterManager] Encounter started: elias_shift_1_claim (moth_accountant). Hand: 5 cards.
[HARNESS] [evt MoralChoiceEvent] ClaimId=CLM-41636 ActionType=EmpathyDenied MoralInjuryDelta=-10.00 WasUnethical=False WasInverted=False
[HARNESS] [input] SLAM card=Card_Analyse id=878609a7-1938-4ffb-945d-ca03ff4fa514
[HARNESS] [evt CardSlamIntentEvent] CardType=Analyse CardDisplayName=ANALYSE CardInstanceId=878609a7-1938-4ffb-945d-ca03ff4fa514 TimeToImpact=0.40
[HARNESS] [evt CardSlammedEvent] Result=Desk42.Core.AppliedCardResolution CardType=Analyse CardInstanceId=878609a7-1938-4ffb-945d-ca03ff4fa514 ClientVariantId=elias_venn StateBefore=Pending StateAfter=Pending CurrentFatigue=0 Outcome=BlockedByState RequiredCredits=0 FailureReason=ANALYSE has no transition from PENDING. CreditsDelta=0 SanityDelta=0.00 SoulIntegrityDelta=0.00 BlockingModifierId=null CardId=878609a7-1938-4ffb-945d-ca03ff4fa514
[HARNESS] [input] SLAM resolved=Desk42.RedTape.SlamResult
[HARNESS] [input] DENY (sanity=96.0, phase=MorningBlock)
[HARNESS] [evt SanityChangedEvent] Previous=96.00 Current=93.00 TriggeredFugue=False
[EncounterManager] Resolved 'elias_shift_1_claim' — Deny. Credits: 0, Sanity: -3, Soul: 0, Dark Intel: 0.
[HARNESS] [evt ClaimResolvedEvent] Result=Desk42.Core.AppliedClaimResolution ClaimId=elias_shift_1_claim Kind=Deny CreditsDelta=0 SanityDelta=-3.00 SoulIntegrityDelta=0.00 DarkIntelligenceDelta=0 ClientVariantId=elias_venn ClientSpeciesId=moth_accountant
[CascadeReactor] Factions affected: Legal +2, Accounting -1
[HARNESS] [evt MemoGeneratedEvent] MemoId=memo_elias_shift_1_claim ClaimId=elias_shift_1_claim Headline=Memo: elias_venn Body=FROM: Facilities Management
TO: Desk 42
RE: Environmental Notice

A standard environmental review has been completed for…
[ShiftManager] Memo generated: memo_elias_shift_1_claim for claim elias_shift_1_claim.
[ShiftManager] Dequeued: CLM-72831 (gel_anomaly). Claim 3/3 this ante. Remaining in queue: 5.
[HARNESS] [evt ClaimQueuedEvent] Claim=Desk42.Core.ActiveClaimData QueueRemaining=5
[CardHandView] Rebuilt: 5 buttons (hand had 5 cards).
[CardHandView] Rebuilt: 5 buttons (hand had 5 cards).
[EncounterManager] Encounter started: CLM-72831 (gel_anomaly). Hand: 5 cards.
[HARNESS] [input] APPROVE (sanity=93.0, phase=MorningBlock)
[HARNESS] [evt SanityChangedEvent] Previous=93.00 Current=89.00 TriggeredFugue=False
[EncounterManager] Resolved 'CLM-72831' — Approve. Credits: 12, Sanity: -4, Soul: -1, Dark Intel: 0.
[HARNESS] [evt DilemmaTriggeredEvent] Prompt=A memo arrives leaking a thick, black substance. It contains a list of upcoming layoffs. EthicalLabel=Shred it immediately. BureaucraticLabel=Forward to HR. OnEthical=<callback> OnBureaucratic=<callback>
[HARNESS] [input] DILEMMA -> ETHICAL: Prompt=A memo arrives leaking a thick, black substance. It contains a list of upcoming layoffs. EthicalLabel=Shred it immediately. BureaucraticLabel=Forward to HR. OnEthical=<callback> OnBureaucratic=…
[HARNESS] [evt SoulIntegrityChangedEvent] Previous=99.00 Current=98.00 Delta=-1.00
[HARNESS] [evt ClaimResolvedEvent] Result=Desk42.Core.AppliedClaimResolution ClaimId=CLM-72831 Kind=Approve CreditsDelta=12 SanityDelta=-4.00 SoulIntegrityDelta=-1.00 DarkIntelligenceDelta=0 ClientVariantId=gel_anomaly_684 ClientSpeciesId=gel_anomaly
[CascadeReactor] Factions affected: Legal +2, Accounting -1
[TideSystem] Pressure: 0 → 1. Overperformance: True.
[ShiftManager] Lunch break started (5s).
[DilemmaSystem] Moral_BleedingMemo: ETHICAL choice. Soul Δ=+5.0, Credit Δ=-10.
[HARNESS] [evt TideEscalatedEvent] OldLevel=0 NewLevel=1 IsOverperformance=True
[HARNESS] [evt ShiftPhaseChangedEvent] Previous=MorningBlock Current=LunchBreak
[HARNESS] [evt MoralChoiceEvent] ClaimId=CLM-72831 ActionType=EvidenceDestroyed MoralInjuryDelta=-5.00 WasUnethical=False WasInverted=False
The character with Unicode value \u2615 was not found in the [LiberationSans SDF] font asset or any potential fallbacks. It was replaced by Unicode character \u25A1 in text object [Label].
[HARNESS] [shot] mid skipped (headless)
[TideSystem] Phase changed to AfternoonBlock. Pressure: 1.
[ShiftManager] Dequeued: CLM-91494 (unregistered_alien). Claim 4/4 this ante. Remaining in queue: 4.
[ShiftManager] Afternoon block started.
[HARNESS] [evt ShiftPhaseChangedEvent] Previous=LunchBreak Current=AfternoonBlock
[HARNESS] [evt ClaimQueuedEvent] Claim=Desk42.Core.ActiveClaimData QueueRemaining=4
[CardHandView] Rebuilt: 5 buttons (hand had 5 cards).
[SpatialThreat] queue pressure (4 pending) @ (-2.50, 0.20, 0.50)
[CardHandView] Rebuilt: 5 buttons (hand had 5 cards).
[EncounterManager] Encounter started: CLM-91494 (unregistered_alien). Hand: 5 cards.
The character with Unicode value \u25D1 was not found in the [LiberationSans SDF] font asset or any potential fallbacks. It was replaced by Unicode character \u25A1 in text object [Label].
[HARNESS] [input] DENY (sanity=89.0, phase=AfternoonBlock)
[HARNESS] [evt SanityChangedEvent] Previous=89.00 Current=85.00 TriggeredFugue=False
[EncounterManager] Resolved 'CLM-91494' — Deny. Credits: 0, Sanity: -4, Soul: 0, Dark Intel: 0.
[HARNESS] [evt ClaimResolvedEvent] Result=Desk42.Core.AppliedClaimResolution ClaimId=CLM-91494 Kind=Deny CreditsDelta=0 SanityDelta=-4.00 SoulIntegrityDelta=0.00 DarkIntelligenceDelta=0 ClientVariantId=unregistered_alien_283 ClientSpeciesId=unregistered_alien
[CascadeReactor] Factions affected: Legal +2, Accounting -1
[ShiftManager] Sequential synergy: +3 credits (CLM-72831 → CLM-91494, shared tag category).
[ShiftManager] Dequeued: CLM-89695 (gel_anomaly). Claim 5/4 this ante. Remaining in queue: 3.
[HARNESS] [evt ClaimQueuedEvent] Claim=Desk42.Core.ActiveClaimData QueueRemaining=3
[CardHandView] Rebuilt: 5 buttons (hand had 5 cards).
[CardHandView] Rebuilt: 5 buttons (hand had 5 cards).
[EncounterManager] Encounter started: CLM-89695 (gel_anomaly). Hand: 5 cards.
[HARNESS] [input] SLAM card=Card_PendingReview id=df19dcd8-8505-414a-923d-9223d58889b4
[HARNESS] [evt CardSlamIntentEvent] CardType=PendingReview CardDisplayName=PENDING REVIEW CardInstanceId=df19dcd8-8505-414a-923d-9223d58889b4 TimeToImpact=0.40
[ClientView] DarkHumour: pending_review_inject → [dark_humour.pending_review_inject]
[StateStack] Pushed Pending (duration: 10s, depth: 1)
[CardHandView] Rebuilt: 4 buttons (hand had 4 cards).
[HARNESS] [evt CardCascadeResolvedEvent] Packet=Desk42.OfficeSupplies.SynergyResolutionPacket CardInstanceId=df19dcd8-8505-414a-923d-9223d58889b4
[HARNESS] [evt CardSlammedEvent] Result=Desk42.Core.AppliedCardResolution CardType=PendingReview CardInstanceId=df19dcd8-8505-414a-923d-9223d58889b4 ClientVariantId=gel_anomaly_550 StateBefore=Pending StateAfter=Pending CurrentFatigue=1 Outcome=Success RequiredCredits=0 FailureReason=null CreditsDelta=0 SanityDelta=0.00 SoulIntegrityDelta=0.00 BlockingModifierId=null CardId=df19dcd8-8505-414a-923d-9223d58889b4
[HARNESS] [input] SLAM resolved=Desk42.RedTape.SlamResult
[HARNESS] [input] DENY (sanity=85.0, phase=AfternoonBlock)
[HARNESS] [evt SanityChangedEvent] Previous=85.00 Current=81.00 TriggeredFugue=False
[EncounterManager] Resolved 'CLM-89695' — Deny. Credits: 0, Sanity: -4, Soul: 0, Dark Intel: 0.
[HARNESS] [evt ClaimResolvedEvent] Result=Desk42.Core.AppliedClaimResolution ClaimId=CLM-89695 Kind=Deny CreditsDelta=0 SanityDelta=-4.00 SoulIntegrityDelta=0.00 DarkIntelligenceDelta=0 ClientVariantId=gel_anomaly_550 ClientSpeciesId=gel_anomaly
[CascadeReactor] Factions affected: Legal +2, Accounting -1
[HARNESS] [evt MemoGeneratedEvent] MemoId=memo_CLM-89695 ClaimId=CLM-89695 Headline=Memo: gel_anomaly_550 Body=FROM: Claims Quality Assurance
TO: Processor, Desk 42
RE: CLM-89695 — Documentation Query

A query has been raised regar…
[ShiftManager] Memo generated: memo_CLM-89695 for claim CLM-89695.
[ShiftManager] Dequeued: CLM-95548 (unregistered_alien). Claim 6/4 this ante. Remaining in queue: 2.
[HARNESS] [evt ClaimQueuedEvent] Claim=Desk42.Core.ActiveClaimData QueueRemaining=2
[CardHandView] Rebuilt: 4 buttons (hand had 4 cards).
[CardHandView] Rebuilt: 5 buttons (hand had 5 cards).
[CardHandView] Rebuilt: 5 buttons (hand had 5 cards).
[EncounterManager] Encounter started: CLM-95548 (unregistered_alien). Hand: 5 cards.
[HARNESS] [input] APPROVE (sanity=81.0, phase=AfternoonBlock)
[HARNESS] [evt SanityChangedEvent] Previous=81.00 Current=77.00 TriggeredFugue=False
[EncounterManager] Resolved 'CLM-95548' — Approve. Credits: 12, Sanity: -4, Soul: -1, Dark Intel: 0.
[HARNESS] [evt SoulIntegrityChangedEvent] Previous=98.00 Current=97.00 Delta=-1.00
[HARNESS] [evt ClaimResolvedEvent] Result=Desk42.Core.AppliedClaimResolution ClaimId=CLM-95548 Kind=Approve CreditsDelta=12 SanityDelta=-4.00 SoulIntegrityDelta=-1.00 DarkIntelligenceDelta=0 ClientVariantId=unregistered_alien_190 ClientSpeciesId=unregistered_alien
[CascadeReactor] Factions affected: Legal +2, Accounting -1
[TideSystem] Pressure: 1 → 2. Overperformance: True.
[ShiftManager] Dequeued: CLM-65777 (unregistered_alien). Claim 7/4 this ante. Remaining in queue: 1.
[HARNESS] [evt TideEscalatedEvent] OldLevel=1 NewLevel=2 IsOverperformance=True
[SpatialThreat] tide 1→2 @ (0.00, 1.00, -2.00)
[HARNESS] [evt ClaimQueuedEvent] Claim=Desk42.Core.ActiveClaimData QueueRemaining=1
[CardHandView] Rebuilt: 5 buttons (hand had 5 cards).
[CardHandView] Rebuilt: 5 buttons (hand had 5 cards).
[EncounterManager] Encounter started: CLM-65777 (unregistered_alien). Hand: 5 cards.
[HARNESS] [input] SLAM card=Card_Analyse id=5fa19269-f5df-40b3-8cf7-476ea4ee5524
[HARNESS] [evt CardSlamIntentEvent] CardType=Analyse CardDisplayName=ANALYSE CardInstanceId=5fa19269-f5df-40b3-8cf7-476ea4ee5524 TimeToImpact=0.40
[HARNESS] [evt CardSlammedEvent] Result=Desk42.Core.AppliedCardResolution CardType=Analyse CardInstanceId=5fa19269-f5df-40b3-8cf7-476ea4ee5524 ClientVariantId=unregistered_alien_284 StateBefore=Pending StateAfter=Pending CurrentFatigue=0 Outcome=BlockedByState RequiredCredits=0 FailureReason=ANALYSE has no transition from PENDING. CreditsDelta=0 SanityDelta=0.00 SoulIntegrityDelta=0.00 BlockingModifierId=null CardId=5fa19269-f5df-40b3-8cf7-476ea4ee5524
[HARNESS] [input] SLAM resolved=Desk42.RedTape.SlamResult
[HARNESS] [input] DENY (sanity=77.0, phase=AfternoonBlock)
[HARNESS] [evt SanityChangedEvent] Previous=77.00 Current=73.00 TriggeredFugue=False
[EncounterManager] Resolved 'CLM-65777' — Deny. Credits: 0, Sanity: -4, Soul: 0, Dark Intel: 0.
[HARNESS] [evt ClaimResolvedEvent] Result=Desk42.Core.AppliedClaimResolution ClaimId=CLM-65777 Kind=Deny CreditsDelta=0 SanityDelta=-4.00 SoulIntegrityDelta=0.00 DarkIntelligenceDelta=0 ClientVariantId=unregistered_alien_284 ClientSpeciesId=unregistered_alien
[CascadeReactor] Factions affected: Legal +2, Accounting -1
[HARNESS] [evt MemoGeneratedEvent] MemoId=memo_CLM-65777 ClaimId=CLM-65777 Headline=Memo: unregistered_alien_284 Body=FROM: Legal Compliance — Special Cases Unit
TO: Desk 42, Processor
RE: CLM-65777 — Expedited Review Requested

The above…
[ShiftManager] Memo generated: memo_CLM-65777 for claim CLM-65777.
[ShiftManager] Cross-claim deduction: +5 credits (same species: unregistered_alien).
[HARNESS] [evt ShiftPhaseChangedEvent] Previous=AfternoonBlock Current=ClockOut
[PersonalExpenses] Paid Medical Copay: ¢12. Remaining: ¢27.
[PersonalExpenses] Paid Transit Pass: ¢6. Remaining: ¢21.
[PersonalExpenses] Paid Rent: ¢18. Remaining: ¢3.
[PersonalExpenses] Food & Coffee: paid ¢3, short ¢7. Debt accumulating.
[GameManager] Run results committed. Claims: 7, Credits carried over: 0
[Reflection] UI Narrator outputs: Shift complete. Processing parameters within acceptable bounds.
[RetirementFund] +15 AuditPoints (claims:7 soul:97 shifts:1 fugue:False). Balance: 15
[HARNESS] [evt RunCompletedEvent] ShiftNumber=1 ClaimsProcessed=7 CreditsEarned=44 EfficiencyRating=699.10 SoulIntegrity=97.00 Sanity=73.00 PersonalExpenseDebt=7 ComboMultiplier=1.00 ArchetypeId=auditor SeedCode=AAN5EK FugueTriggered=False
[HARNESS] [evt ExpenseUnmetEvent] ExpenseId=food AmountShort=7
[HARNESS] [shot] end skipped (headless)
[HARNESS] === SHIFT END === completed=True claims=7 sanity=73.0 soul=97.0 credits=0 debt=7 errors=0 realtime=11s
]]></output>
              </test-case>
              <test-case id="1015" name="Shift2_Seed421002" fullname="Desk42.Tests.PlayMode.ShiftPlaythrough.Shift2_Seed421002" methodname="Shift2_Seed421002" classname="Desk42.Tests.PlayMode.ShiftPlaythrough" runstate="Runnable" seed="1836018542" result="Passed" start-time="2026-07-26 06:33:08Z" end-time="2026-07-26 06:33:24Z" duration="16.181065" asserts="0">
                <properties>
                  <property name="_JOINTYPE" value="UnityCombinatorial" />
                  <property name="platform" value="PlayMode" />
                  <property name="retryIteration" value="0" />
                  <property name="repeatIteration" value="0" />
                </properties>
                <output><![CDATA[[HARNESS] === HARNESS SHIFT 2 SEED 421002 timeScale=2 2026-07-26T07:33:08.3081888+01:00 ===
[HARNESS] [boot] Ready. GameManager.Phase=4
[HARNESS] [harness] subscribed to 26 RumorMill events
[SeedEngine] Initialised with seed 421002 (AAN5EL).
[Auditor] Run start. Tokens: 1
[RunStateController] Archetype: The Auditor. Deck: 10 cards, hand size: 5.
[MoralInjurySystem] Soul cap after scar load: 100.
[HARNESS] [shift] Scene active. Sanity=100.0
[HARNESS] [shot] start skipped (headless)
[Desk42Services] Overwriting existing registration for CorpOSWindowManager.
[HARNESS] [evt ShiftLifecycleEvent] ShiftNumber=2 IsStart=True Phase=ClockIn Seed=421002
[EntropyManager] Reset.
[GameManager] Scene loaded: Shift
[TideSystem] Initialized. Shift 2. First hazard in 65s.
[ShiftManager] Generated 8 claims for shift 2.
[TideSystem] Phase changed to MorningBlock. Pressure: 0.
[ShiftManager] Dequeued: CLM-51801 (void_proxy). Claim 1/3 this ante. Remaining in queue: 7.
[ShiftManager] Started. Phase: MorningBlock, Queue: 7 claims, Quota: 0/3.
[HARNESS] [evt ShiftPhaseChangedEvent] Previous=ClockIn Current=MorningBlock
[HARNESS] [evt ClaimQueuedEvent] Claim=Desk42.Core.ActiveClaimData QueueRemaining=7
[CardHandView] Rebuilt: 0 buttons (hand had 0 cards).
[SpatialThreat] queue pressure (7 pending) @ (-2.50, 0.20, 0.50)
[CardHandView] Rebuilt: 1 buttons (hand had 1 cards).
[CardHandView] Rebuilt: 2 buttons (hand had 2 cards).
[CardHandView] Rebuilt: 3 buttons (hand had 3 cards).
[CardHandView] Rebuilt: 4 buttons (hand had 4 cards).
[CardHandView] Rebuilt: 5 buttons (hand had 5 cards).
[CardHandView] Rebuilt: 5 buttons (hand had 5 cards).
[EncounterManager] Encounter started: CLM-51801 (void_proxy). Hand: 5 cards.
The character with Unicode value \u2600 was not found in the [LiberationSans SDF] font asset or any potential fallbacks. It was replaced by Unicode character \u25A1 in text object [Label].
[HARNESS] [input] APPROVE (sanity=100.0, phase=MorningBlock)
[HARNESS] [evt SanityChangedEvent] Previous=100.00 Current=95.00 TriggeredFugue=False
[EncounterManager] Resolved 'CLM-51801' — Approve. Credits: 14, Sanity: -5, Soul: -1, Dark Intel: 0.
[HARNESS] [evt DilemmaTriggeredEvent] Prompt=The mainframe is begging for mercy via the command terminal. EthicalLabel=Initiate sleep mode. BureaucraticLabel=Overclock the CPU. OnEthical=<callback> OnBureaucratic=<callback>
[HARNESS] [input] DILEMMA -> ETHICAL: Prompt=The mainframe is begging for mercy via the command terminal. EthicalLabel=Initiate sleep mode. BureaucraticLabel=Overclock the CPU. OnEthical=<callback> OnBureaucratic=<callback>
[HARNESS] [evt SoulIntegrityChangedEvent] Previous=100.00 Current=99.00 Delta=-1.00
[HARNESS] [evt ClaimResolvedEvent] Result=Desk42.Core.AppliedClaimResolution ClaimId=CLM-51801 Kind=Approve CreditsDelta=14 SanityDelta=-5.00 SoulIntegrityDelta=-1.00 DarkIntelligenceDelta=0 ClientVariantId=void_proxy_284 ClientSpeciesId=void_proxy
[CascadeReactor] Factions affected: Legal +2, Accounting -1
[ShiftManager] Dequeued: elias_shift_2_claim (moth_accountant). Claim 2/3 this ante. Remaining in queue: 6.
[DilemmaSystem] Moral_SentientServer: ETHICAL choice. Soul Δ=+15.0, Credit Δ=-20.
[HARNESS] [evt ClaimQueuedEvent] Claim=Desk42.Core.ActiveClaimData QueueRemaining=6
[CardHandView] Rebuilt: 5 buttons (hand had 5 cards).
[EliasProof] appearance=elias_shift_2 priorVisits=1 currentVisit=2 recordedNow=True.
[CardHandView] Rebuilt: 5 buttons (hand had 5 cards).
[EncounterManager] Encounter started: elias_shift_2_claim (moth_accountant). Hand: 5 cards.
[HARNESS] [evt MoralChoiceEvent] ClaimId=CLM-51801 ActionType=ExcessiveNDA MoralInjuryDelta=-15.00 WasUnethical=False WasInverted=False
[HARNESS] [input] SLAM card=Card_Analyse id=4d870fb0-6883-43f8-9b8f-b6bed007f438
[HARNESS] [evt CardSlamIntentEvent] CardType=Analyse CardDisplayName=ANALYSE CardInstanceId=4d870fb0-6883-43f8-9b8f-b6bed007f438 TimeToImpact=0.40
[HARNESS] [evt CardSlammedEvent] Result=Desk42.Core.AppliedCardResolution CardType=Analyse CardInstanceId=4d870fb0-6883-43f8-9b8f-b6bed007f438 ClientVariantId=elias_venn StateBefore=Pending StateAfter=Pending CurrentFatigue=0 Outcome=BlockedByState RequiredCredits=0 FailureReason=ANALYSE has no transition from PENDING. CreditsDelta=0 SanityDelta=0.00 SoulIntegrityDelta=0.00 BlockingModifierId=null CardId=4d870fb0-6883-43f8-9b8f-b6bed007f438
[HARNESS] [input] SLAM resolved=Desk42.RedTape.SlamResult
[HARNESS] [evt EliasProcedureAppliedEvent] Result=Desk42.Core.AppliedEliasProcedure
[EliasProof] procedure=AmendRecord appearance=elias_shift_2 branch=NormalisedAddress receipt=elias_shift2_amend_record streakDelta=+1.
[HARNESS] [input] PROCEDURE AmendRecord branch=NormalisedAddress receipt=elias_shift2_amend_record
[HARNESS] [input] APPROVE (sanity=95.0, phase=MorningBlock)
[HARNESS] [evt SanityChangedEvent] Previous=95.00 Current=92.00 TriggeredFugue=False
[EncounterManager] Resolved 'elias_shift_2_claim' — Approve. Credits: 14, Sanity: -3, Soul: -1, Dark Intel: 0.
[HARNESS] [evt SoulIntegrityChangedEvent] Previous=99.00 Current=98.00 Delta=-1.00
[HARNESS] [evt ClaimResolvedEvent] Result=Desk42.Core.AppliedClaimResolution ClaimId=elias_shift_2_claim Kind=Approve CreditsDelta=14 SanityDelta=-3.00 SoulIntegrityDelta=-1.00 DarkIntelligenceDelta=0 ClientVariantId=elias_venn ClientSpeciesId=moth_accountant
[CascadeReactor] Factions affected: Legal +2, Accounting -1
[ShiftManager] Dequeued: CLM-51343 (unregistered_alien). Claim 3/3 this ante. Remaining in queue: 5.
[HARNESS] [evt ClaimQueuedEvent] Claim=Desk42.Core.ActiveClaimData QueueRemaining=5
[CardHandView] Rebuilt: 5 buttons (hand had 5 cards).
[SpatialThreat] queue pressure (5 pending) @ (-2.50, 0.20, 0.50)
[CardHandView] Rebuilt: 5 buttons (hand had 5 cards).
[EncounterManager] Encounter started: CLM-51343 (unregistered_alien). Hand: 5 cards.
[HARNESS] [input] SLAM card=Card_Analyse id=9c535b10-19f4-4631-a27c-3ce5c7ec286e
[HARNESS] [evt CardSlamIntentEvent] CardType=Analyse CardDisplayName=ANALYSE CardInstanceId=9c535b10-19f4-4631-a27c-3ce5c7ec286e TimeToImpact=0.40
[HARNESS] [evt CardSlammedEvent] Result=Desk42.Core.AppliedCardResolution CardType=Analyse CardInstanceId=9c535b10-19f4-4631-a27c-3ce5c7ec286e ClientVariantId=unregistered_alien_687 StateBefore=Pending StateAfter=Pending CurrentFatigue=0 Outcome=BlockedByState RequiredCredits=0 FailureReason=ANALYSE has no transition from PENDING. CreditsDelta=0 SanityDelta=0.00 SoulIntegrityDelta=0.00 BlockingModifierId=null CardId=9c535b10-19f4-4631-a27c-3ce5c7ec286e
[HARNESS] [input] SLAM resolved=Desk42.RedTape.SlamResult
[HARNESS] [input] DENY (sanity=92.0, phase=MorningBlock)
[HARNESS] [evt SanityChangedEvent] Previous=92.00 Current=88.00 TriggeredFugue=False
[EncounterManager] Resolved 'CLM-51343' — Deny. Credits: 0, Sanity: -4, Soul: 0, Dark Intel: 0.
[HARNESS] [evt ClaimResolvedEvent] Result=Desk42.Core.AppliedClaimResolution ClaimId=CLM-51343 Kind=Deny CreditsDelta=0 SanityDelta=-4.00 SoulIntegrityDelta=0.00 DarkIntelligenceDelta=0 ClientVariantId=unregistered_alien_687 ClientSpeciesId=unregistered_alien
[CascadeReactor] Factions affected: Legal +2, Accounting -1
[TideSystem] Pressure: 0 → 1. Overperformance: True.
[ShiftManager] Lunch break started (5s).
[HARNESS] [shot] mid skipped (headless)
[HARNESS] [evt TideEscalatedEvent] OldLevel=0 NewLevel=1 IsOverperformance=True
[HARNESS] [evt ShiftPhaseChangedEvent] Previous=MorningBlock Current=LunchBreak
[TideSystem] Phase changed to AfternoonBlock. Pressure: 1.
[ShiftManager] Dequeued: CLM-72679 (gel_anomaly). Claim 4/4 this ante. Remaining in queue: 4.
[ShiftManager] Afternoon block started.
[HARNESS] [evt ShiftPhaseChangedEvent] Previous=LunchBreak Current=AfternoonBlock
[HARNESS] [evt ClaimQueuedEvent] Claim=Desk42.Core.ActiveClaimData QueueRemaining=4
[CardHandView] Rebuilt: 5 buttons (hand had 5 cards).
[CardHandView] Rebuilt: 5 buttons (hand had 5 cards).
[EncounterManager] Encounter started: CLM-72679 (gel_anomaly). Hand: 5 cards.
The character with Unicode value \u25D1 was not found in the [LiberationSans SDF] font asset or any potential fallbacks. It was replaced by Unicode character \u25A1 in text object [Label].
[HARNESS] [input] APPROVE (sanity=88.0, phase=AfternoonBlock)
[HARNESS] [evt SanityChangedEvent] Previous=88.00 Current=85.00 TriggeredFugue=False
[EncounterManager] Resolved 'CLM-72679' — Approve. Credits: 14, Sanity: -3, Soul: -1, Dark Intel: 0.
[HARNESS] [evt SoulIntegrityChangedEvent] Previous=98.00 Current=97.00 Delta=-1.00
[HARNESS] [evt ClaimResolvedEvent] Result=Desk42.Core.AppliedClaimResolution ClaimId=CLM-72679 Kind=Approve CreditsDelta=14 SanityDelta=-3.00 SoulIntegrityDelta=-1.00 DarkIntelligenceDelta=0 ClientVariantId=gel_anomaly_634 ClientSpeciesId=gel_anomaly
[CascadeReactor] Factions affected: Legal +2, Accounting -1
[HARNESS] [evt MemoGeneratedEvent] MemoId=memo_CLM-72679 ClaimId=CLM-72679 Headline=Memo: gel_anomaly_634 Body=FROM: Claims Processing Division
TO: Desk 42
RE: CLM-72679 — Routine Acknowledgement

The above claim has been received …
[ShiftManager] Memo generated: memo_CLM-72679 for claim CLM-72679.
[ShiftManager] Dequeued: CLM-46470 (void_proxy). Claim 5/4 this ante. Remaining in queue: 3.
[HARNESS] [evt ClaimQueuedEvent] Claim=Desk42.Core.ActiveClaimData QueueRemaining=3
[CardHandView] Rebuilt: 5 buttons (hand had 5 cards).
[CardHandView] Rebuilt: 5 buttons (hand had 5 cards).
[EncounterManager] Encounter started: CLM-46470 (void_proxy). Hand: 5 cards.
[HARNESS] [input] DENY (sanity=85.0, phase=AfternoonBlock)
[HARNESS] [evt SanityChangedEvent] Previous=85.00 Current=80.00 TriggeredFugue=False
[EncounterManager] Resolved 'CLM-46470' — Deny. Credits: 0, Sanity: -5, Soul: 0, Dark Intel: 0.
[HARNESS] [evt ClaimResolvedEvent] Result=Desk42.Core.AppliedClaimResolution ClaimId=CLM-46470 Kind=Deny CreditsDelta=0 SanityDelta=-5.00 SoulIntegrityDelta=0.00 DarkIntelligenceDelta=0 ClientVariantId=void_proxy_698 ClientSpeciesId=void_proxy
[CascadeReactor] Factions affected: Legal +2, Accounting -1
[HARNESS] [evt MemoGeneratedEvent] MemoId=memo_CLM-46470 ClaimId=CLM-46470 Headline=Memo: void_proxy_698 Body=FROM: Risk Management
TO: Desk 42
RE: CLM-46470 — Elevated Classification

This claim has been assigned a non-standard c…
[ShiftManager] Memo generated: memo_CLM-46470 for claim CLM-46470.
[ShiftManager] Dequeued: CLM-91059 (moth_accountant). Claim 6/4 this ante. Remaining in queue: 2.
[HARNESS] [evt ClaimQueuedEvent] Claim=Desk42.Core.ActiveClaimData QueueRemaining=2
[CardHandView] Rebuilt: 5 buttons (hand had 5 cards).
[CardHandView] Rebuilt: 5 buttons (hand had 5 cards).
[EncounterManager] Encounter started: CLM-91059 (moth_accountant). Hand: 5 cards.
[HARNESS] [input] SLAM card=Card_PendingReview id=c9b1001d-c4e3-4571-848f-9a79889d0c7e
[HARNESS] [evt CardSlamIntentEvent] CardType=PendingReview CardDisplayName=PENDING REVIEW CardInstanceId=c9b1001d-c4e3-4571-848f-9a79889d0c7e TimeToImpact=0.40
[ClientView] DarkHumour: pending_review_inject → [dark_humour.pending_review_inject]
[StateStack] Pushed Pending (duration: 10s, depth: 1)
[CardHandView] Rebuilt: 4 buttons (hand had 4 cards).
[HARNESS] [evt CardCascadeResolvedEvent] Packet=Desk42.OfficeSupplies.SynergyResolutionPacket CardInstanceId=c9b1001d-c4e3-4571-848f-9a79889d0c7e
[HARNESS] [evt CardSlammedEvent] Result=Desk42.Core.AppliedCardResolution CardType=PendingReview CardInstanceId=c9b1001d-c4e3-4571-848f-9a79889d0c7e ClientVariantId=moth_accountant_391 StateBefore=Pending StateAfter=Pending CurrentFatigue=1 Outcome=Success RequiredCredits=0 FailureReason=null CreditsDelta=0 SanityDelta=0.00 SoulIntegrityDelta=0.00 BlockingModifierId=null CardId=c9b1001d-c4e3-4571-848f-9a79889d0c7e
[HARNESS] [input] SLAM resolved=Desk42.RedTape.SlamResult
[HARNESS] [input] APPROVE (sanity=80.0, phase=AfternoonBlock)
[HARNESS] [evt SanityChangedEvent] Previous=80.00 Current=76.00 TriggeredFugue=False
[EncounterManager] Resolved 'CLM-91059' — Approve. Credits: 14, Sanity: -4, Soul: -1, Dark Intel: 0.
[HARNESS] [evt SoulIntegrityChangedEvent] Previous=97.00 Current=96.00 Delta=-1.00
[HARNESS] [evt ClaimResolvedEvent] Result=Desk42.Core.AppliedClaimResolution ClaimId=CLM-91059 Kind=Approve CreditsDelta=14 SanityDelta=-4.00 SoulIntegrityDelta=-1.00 DarkIntelligenceDelta=0 ClientVariantId=moth_accountant_391 ClientSpeciesId=moth_accountant
[CascadeReactor] Factions affected: Legal +2, Accounting -1
[TideSystem] Pressure: 1 → 2. Overperformance: True.
[HARNESS] [evt MemoGeneratedEvent] MemoId=memo_CLM-91059 ClaimId=CLM-91059 Headline=Memo: moth_accountant_391 Body=FROM: Compliance Monitoring
TO: Desk 42
RE: Shift 2 Processing Note

This memo serves as notice that D. Ashford's claim …
[ShiftManager] Memo generated: memo_CLM-91059 for claim CLM-91059.
[ShiftManager] Dequeued: CLM-10712 (unregistered_alien). Claim 7/4 this ante. Remaining in queue: 1.
[HARNESS] [evt TideEscalatedEvent] OldLevel=1 NewLevel=2 IsOverperformance=True
[SpatialThreat] tide 1→2 @ (0.00, 1.00, -2.00)
[HARNESS] [evt ClaimQueuedEvent] Claim=Desk42.Core.ActiveClaimData QueueRemaining=1
[CardHandView] Rebuilt: 4 buttons (hand had 4 cards).
[CardHandView] Rebuilt: 5 buttons (hand had 5 cards).
[CardHandView] Rebuilt: 5 buttons (hand had 5 cards).
[EncounterManager] Encounter started: CLM-10712 (unregistered_alien). Hand: 5 cards.
[HARNESS] [input] SLAM card=Card_Analyse id=9c535b10-19f4-4631-a27c-3ce5c7ec286e
[HARNESS] [evt CardSlamIntentEvent] CardType=Analyse CardDisplayName=ANALYSE CardInstanceId=9c535b10-19f4-4631-a27c-3ce5c7ec286e TimeToImpact=0.40
[HARNESS] [evt CardSlammedEvent] Result=Desk42.Core.AppliedCardResolution CardType=Analyse CardInstanceId=9c535b10-19f4-4631-a27c-3ce5c7ec286e ClientVariantId=unregistered_alien_616 StateBefore=Pending StateAfter=Pending CurrentFatigue=0 Outcome=BlockedByState RequiredCredits=0 FailureReason=ANALYSE has no transition from PENDING. CreditsDelta=0 SanityDelta=0.00 SoulIntegrityDelta=0.00 BlockingModifierId=null CardId=9c535b10-19f4-4631-a27c-3ce5c7ec286e
[HARNESS] [input] SLAM resolved=Desk42.RedTape.SlamResult
[HARNESS] [input] DENY (sanity=76.0, phase=AfternoonBlock)
[HARNESS] [evt SanityChangedEvent] Previous=76.00 Current=71.00 TriggeredFugue=False
[EncounterManager] Resolved 'CLM-10712' — Deny. Credits: 0, Sanity: -5, Soul: 0, Dark Intel: 0.
[HARNESS] [evt DilemmaTriggeredEvent] Prompt=The new intern is stuck in a 5-minute time loop, repeating the same coffee run. EthicalLabel=Break the loop. BureaucraticLabel=Have him run errands. OnEthical=<callback> OnBureaucratic=<callback>
[HARNESS] [input] DILEMMA -> BUREAUCRATIC: Prompt=The new intern is stuck in a 5-minute time loop, repeating the same coffee run. EthicalLabel=Break the loop. BureaucraticLabel=Have him run errands. OnEthical=<callback> OnBureaucratic=<callbac…
[HARNESS] [evt ClaimResolvedEvent] Result=Desk42.Core.AppliedClaimResolution ClaimId=CLM-10712 Kind=Deny CreditsDelta=0 SanityDelta=-5.00 SoulIntegrityDelta=0.00 DarkIntelligenceDelta=0 ClientVariantId=unregistered_alien_616 ClientSpeciesId=unregistered_alien
[CascadeReactor] Factions affected: Legal +2, Accounting -1
[HARNESS] [evt MemoGeneratedEvent] MemoId=memo_CLM-10712 ClaimId=CLM-10712 Headline=Memo: unregistered_alien_616 Body=FROM: Internal Audit
TO: Desk 42, Processor Assignment
RE: Review Notice — CLM-10712

We note that this claim has been a…
[ShiftManager] Memo generated: memo_CLM-10712 for claim CLM-10712.
[MoralInjurySystem] Act: EmpathyDenied #1. Soul cost: 3.0. Category total: 3.0. Scar: None.
[DilemmaSystem] Moral_TemporalIntern: BUREAUCRATIC choice. Soul Δ=-15.0, Credit Δ=+20.
[HARNESS] [evt ShiftPhaseChangedEvent] Previous=AfternoonBlock Current=ClockOut
[HARNESS] [evt MoralChoiceEvent] ClaimId=CLM-10712 ActionType=EmpathyDenied MoralInjuryDelta=15.00 WasUnethical=True WasInverted=False
[HARNESS] [evt SoulIntegrityChangedEvent] Previous=96.00 Current=81.00 Delta=-15.00
[PersonalExpenses] Paid Rent: ¢21. Remaining: ¢55.
[PersonalExpenses] Paid Medical Copay: ¢14. Remaining: ¢41.
[PersonalExpenses] Paid Transit Pass: ¢7. Remaining: ¢34.
[GameManager] Run results committed. Claims: 7, Credits carried over: 17
[Reflection] UI Narrator outputs: Shift complete. Processing parameters within acceptable bounds.
[RetirementFund] +18 AuditPoints (claims:7 soul:81 shifts:2 fugue:False). Balance: 18
[HARNESS] [evt RunCompletedEvent] ShiftNumber=2 ClaimsProcessed=7 CreditsEarned=76 EfficiencyRating=704.70 SoulIntegrity=81.00 Sanity=71.00 PersonalExpenseDebt=0 ComboMultiplier=1.00 ArchetypeId=auditor SeedCode=AAN5EL FugueTriggered=False
[HARNESS] [shot] end skipped (headless)
[HARNESS] === SHIFT END === completed=True claims=7 sanity=71.0 soul=81.0 credits=34 debt=0 errors=0 realtime=16s
]]></output>
              </test-case>
              <test-case id="1016" name="Shift3_Seed421003" fullname="Desk42.Tests.PlayMode.ShiftPlaythrough.Shift3_Seed421003" methodname="Shift3_Seed421003" classname="Desk42.Tests.PlayMode.ShiftPlaythrough" runstate="Runnable" seed="742910440" result="Passed" start-time="2026-07-26 06:33:24Z" end-time="2026-07-26 06:33:34Z" duration="10.159396" asserts="0">
                <properties>
                  <property name="_JOINTYPE" value="UnityCombinatorial" />
                  <property name="platform" value="PlayMode" />
                  <property name="retryIteration" value="0" />
                  <property name="repeatIteration" value="0" />
                </properties>
                <output><![CDATA[[HARNESS] === HARNESS SHIFT 3 SEED 421003 timeScale=2 2026-07-26T07:33:24.4901560+01:00 ===
[HARNESS] [boot] Ready. GameManager.Phase=4
[HARNESS] [harness] subscribed to 26 RumorMill events
[SeedEngine] Initialised with seed 421003 (AAN5EM).
[Auditor] Run start. Tokens: 1
[RunStateController] Archetype: The Auditor. Deck: 10 cards, hand size: 5.
[MoralInjurySystem] Soul cap after scar load: 100.
[HARNESS] [shift] Scene active. Sanity=100.0
[HARNESS] [shot] start skipped (headless)
[Desk42Services] Overwriting existing registration for CorpOSWindowManager.
[HARNESS] [evt ShiftLifecycleEvent] ShiftNumber=3 IsStart=True Phase=ClockIn Seed=421003
[EntropyManager] Reset.
[GameManager] Scene loaded: Shift
[TideSystem] Initialized. Shift 3. First hazard in 55s.
[ShiftManager] Generated 10 claims for shift 3.
[TideSystem] Phase changed to MorningBlock. Pressure: 0.
[ShiftManager] Dequeued: CLM-66033 (void_proxy). Claim 1/4 this ante. Remaining in queue: 9.
[ShiftManager] Started. Phase: MorningBlock, Queue: 9 claims, Quota: 0/4.
[HARNESS] [evt ShiftPhaseChangedEvent] Previous=ClockIn Current=MorningBlock
[HARNESS] [evt ClaimQueuedEvent] Claim=Desk42.Core.ActiveClaimData QueueRemaining=9
[CardHandView] Rebuilt: 0 buttons (hand had 0 cards).
[SpatialThreat] queue pressure (9 pending) @ (-2.50, 0.20, 0.50)
[CardHandView] Rebuilt: 1 buttons (hand had 1 cards).
[CardHandView] Rebuilt: 2 buttons (hand had 2 cards).
[CardHandView] Rebuilt: 3 buttons (hand had 3 cards).
[CardHandView] Rebuilt: 4 buttons (hand had 4 cards).
[CardHandView] Rebuilt: 5 buttons (hand had 5 cards).
[CardHandView] Rebuilt: 5 buttons (hand had 5 cards).
[EncounterManager] Encounter started: CLM-66033 (void_proxy). Hand: 5 cards.
The character with Unicode value \u2600 was not found in the [LiberationSans SDF] font asset or any potential fallbacks. It was replaced by Unicode character \u25A1 in text object [Label].
[HARNESS] [input] DENY (sanity=100.0, phase=MorningBlock)
[HARNESS] [evt SanityChangedEvent] Previous=100.00 Current=95.00 TriggeredFugue=False
[EncounterManager] Resolved 'CLM-66033' — Deny. Credits: 0, Sanity: -5, Soul: 0, Dark Intel: 0.
[HARNESS] [evt DilemmaTriggeredEvent] Prompt=Faceless auditors from Upper Management demand to inspect your terminal. EthicalLabel=Surrender your memories. BureaucraticLabel=Bribe them. OnEthical=<callback> OnBureaucratic=<callback>
[HARNESS] [input] DILEMMA -> BUREAUCRATIC: Prompt=Faceless auditors from Upper Management demand to inspect your terminal. EthicalLabel=Surrender your memories. BureaucraticLabel=Bribe them. OnEthical=<callback> OnBureaucratic=<callback>
[HARNESS] [evt ClaimResolvedEvent] Result=Desk42.Core.AppliedClaimResolution ClaimId=CLM-66033 Kind=Deny CreditsDelta=0 SanityDelta=-5.00 SoulIntegrityDelta=0.00 DarkIntelligenceDelta=0 ClientVariantId=void_proxy_336 ClientSpeciesId=void_proxy
[CascadeReactor] Factions affected: Legal +2, Accounting -1
[HARNESS] [evt MemoGeneratedEvent] MemoId=memo_CLM-66033 ClaimId=CLM-66033 Headline=Memo: void_proxy_336 Body=FROM: Claims Quality Assurance
TO: Processor, Desk 42
RE: CLM-66033 — Documentation Query

A query has been raised regar…
[ShiftManager] Memo generated: memo_CLM-66033 for claim CLM-66033.
[ShiftManager] Dequeued: CLM-89908 (unregistered_alien). Claim 2/4 this ante. Remaining in queue: 8.
[MoralInjurySystem] Act: TaxFraud #1. Soul cost: 8.0. Category total: 8.0. Scar: None.
[DilemmaSystem] Moral_VoidAudit: BUREAUCRATIC choice. Soul Δ=-8.0, Credit Δ=-40.
[HARNESS] [evt ClaimQueuedEvent] Claim=Desk42.Core.ActiveClaimData QueueRemaining=8
[CardHandView] Rebuilt: 5 buttons (hand had 5 cards).
[CardHandView] Rebuilt: 5 buttons (hand had 5 cards).
[EncounterManager] Encounter started: CLM-89908 (unregistered_alien). Hand: 5 cards.
[HARNESS] [evt MoralChoiceEvent] ClaimId=CLM-66033 ActionType=TaxFraud MoralInjuryDelta=8.00 WasUnethical=True WasInverted=False
[HARNESS] [evt SoulIntegrityChangedEvent] Previous=100.00 Current=92.00 Delta=-8.00
[HARNESS] [input] SLAM card=Card_LegalHold id=9dbd2547-2b33-4673-ab27-ec51ec5bbde5
[HARNESS] [evt CardSlamIntentEvent] CardType=LegalHold CardDisplayName=LEGALHOLD CardInstanceId=9dbd2547-2b33-4673-ab27-ec51ec5bbde5 TimeToImpact=0.40
[HARNESS] [evt CardSlammedEvent] Result=Desk42.Core.AppliedCardResolution CardType=LegalHold CardInstanceId=9dbd2547-2b33-4673-ab27-ec51ec5bbde5 ClientVariantId=unregistered_alien_822 StateBefore=Pending StateAfter=Pending CurrentFatigue=0 Outcome=InsufficientCredits RequiredCredits=8 FailureReason=Balance ¢0; LEGALHOLD requires ¢8. CreditsDelta=0 SanityDelta=0.00 SoulIntegrityDelta=0.00 BlockingModifierId=null CardId=9dbd2547-2b33-4673-ab27-ec51ec5bbde5
[HARNESS] [input] SLAM resolved=Desk42.RedTape.SlamResult
[HARNESS] [input] APPROVE (sanity=95.0, phase=MorningBlock)
[HARNESS] [evt SanityChangedEvent] Previous=95.00 Current=92.00 TriggeredFugue=False
[EncounterManager] Resolved 'CLM-89908' — Approve. Credits: 16, Sanity: -3, Soul: -1, Dark Intel: 0.
[HARNESS] [evt SoulIntegrityChangedEvent] Previous=92.00 Current=91.00 Delta=-1.00
[HARNESS] [evt ClaimResolvedEvent] Result=Desk42.Core.AppliedClaimResolution ClaimId=CLM-89908 Kind=Approve CreditsDelta=16 SanityDelta=-3.00 SoulIntegrityDelta=-1.00 DarkIntelligenceDelta=0 ClientVariantId=unregistered_alien_822 ClientSpeciesId=unregistered_alien
[CascadeReactor] Factions affected: Legal +2, Accounting -1
[HARNESS] [evt MemoGeneratedEvent] MemoId=memo_CLM-89908 ClaimId=CLM-89908 Headline=Memo: unregistered_alien_822 Body=FROM: Document Retention
TO: All Processors
RE: File Lifecycle Policy

Please note that all processed claims are subject…
[ShiftManager] Memo generated: memo_CLM-89908 for claim CLM-89908.
[ShiftManager] Dequeued: CLM-85035 (void_proxy). Claim 3/4 this ante. Remaining in queue: 7.
[HARNESS] [evt ClaimQueuedEvent] Claim=Desk42.Core.ActiveClaimData QueueRemaining=7
[CardHandView] Rebuilt: 5 buttons (hand had 5 cards).
[CardHandView] Rebuilt: 5 buttons (hand had 5 cards).
[EncounterManager] Encounter started: CLM-85035 (void_proxy). Hand: 5 cards.
[HARNESS] [input] APPROVE (sanity=92.0, phase=MorningBlock)
[HARNESS] [evt SanityChangedEvent] Previous=92.00 Current=87.00 TriggeredFugue=False
[EncounterManager] Resolved 'CLM-85035' — Approve. Credits: 16, Sanity: -5, Soul: -1, Dark Intel: 0.
[HARNESS] [evt SoulIntegrityChangedEvent] Previous=91.00 Current=90.00 Delta=-1.00
[HARNESS] [evt ClaimResolvedEvent] Result=Desk42.Core.AppliedClaimResolution ClaimId=CLM-85035 Kind=Approve CreditsDelta=16 SanityDelta=-5.00 SoulIntegrityDelta=-1.00 DarkIntelligenceDelta=0 ClientVariantId=void_proxy_764 ClientSpeciesId=void_proxy
[CascadeReactor] Factions affected: Legal +2, Accounting -1
[TideSystem] Pressure: 0 → 1. Overperformance: True.
[HARNESS] [evt MemoGeneratedEvent] MemoId=memo_CLM-85035 ClaimId=CLM-85035 Headline=Memo: void_proxy_764 Body=FROM: Internal Audit
TO: Desk 42, Processor Assignment
RE: Review Notice — CLM-85035

We note that this claim has been a…
[ShiftManager] Memo generated: memo_CLM-85035 for claim CLM-85035.
[ShiftManager] Dequeued: CLM-94694 (gel_anomaly). Claim 4/4 this ante. Remaining in queue: 6.
[HARNESS] [evt TideEscalatedEvent] OldLevel=0 NewLevel=1 IsOverperformance=True
[HARNESS] [evt ClaimQueuedEvent] Claim=Desk42.Core.ActiveClaimData QueueRemaining=6
[CardHandView] Rebuilt: 5 buttons (hand had 5 cards).
[CardHandView] Rebuilt: 5 buttons (hand had 5 cards).
[EncounterManager] Encounter started: CLM-94694 (gel_anomaly). Hand: 5 cards.
[HARNESS] [input] APPROVE (sanity=87.0, phase=MorningBlock)
[HARNESS] [evt SanityChangedEvent] Previous=87.00 Current=82.00 TriggeredFugue=False
[EncounterManager] Resolved 'CLM-94694' — Approve. Credits: 16, Sanity: -5, Soul: -1, Dark Intel: 0.
[HARNESS] [evt SoulIntegrityChangedEvent] Previous=90.00 Current=89.00 Delta=-1.00
[HARNESS] [evt ClaimResolvedEvent] Result=Desk42.Core.AppliedClaimResolution ClaimId=CLM-94694 Kind=Approve CreditsDelta=16 SanityDelta=-5.00 SoulIntegrityDelta=-1.00 DarkIntelligenceDelta=0 ClientVariantId=gel_anomaly_744 ClientSpeciesId=gel_anomaly
[CascadeReactor] Factions affected: Legal +2, Accounting -1
[ShiftManager] Lunch break started (5s).
[HARNESS] [shot] mid skipped (headless)
[HARNESS] [evt ShiftPhaseChangedEvent] Previous=MorningBlock Current=LunchBreak
The character with Unicode value \u2615 was not found in the [LiberationSans SDF] font asset or any potential fallbacks. It was replaced by Unicode character \u25A1 in text object [Label].
[TideSystem] Phase changed to AfternoonBlock. Pressure: 1.
[ShiftManager] Dequeued: CLM-17096 (void_proxy). Claim 5/5 this ante. Remaining in queue: 5.
[ShiftManager] Afternoon block started.
[HARNESS] [evt ShiftPhaseChangedEvent] Previous=LunchBreak Current=AfternoonBlock
[HARNESS] [evt ClaimQueuedEvent] Claim=Desk42.Core.ActiveClaimData QueueRemaining=5
[CardHandView] Rebuilt: 5 buttons (hand had 5 cards).
[CardHandView] Rebuilt: 5 buttons (hand had 5 cards).
[EncounterManager] Encounter started: CLM-17096 (void_proxy). Hand: 5 cards.
The character with Unicode value \u25D1 was not found in the [LiberationSans SDF] font asset or any potential fallbacks. It was replaced by Unicode character \u25A1 in text object [Label].
[HARNESS] [input] SLAM card=Card_Redact id=17f41d0c-c7c0-4e51-8784-c09ed575f726
[HARNESS] [evt CardSlamIntentEvent] CardType=Redact CardDisplayName=REDACT CardInstanceId=17f41d0c-c7c0-4e51-8784-c09ed575f726 TimeToImpact=0.40
[TransitionTable] Rule matched: Redact -> Suspicious (default) -> Suspicious
[HARNESS] [evt StateTransitionEvent] ClientVariantId=void_proxy_565 From=Pending To=Suspicious WasForcedByCard=True WasMutated=False
[CardHandView] Rebuilt: 4 buttons (hand had 4 cards).
[HARNESS] [evt CardCascadeResolvedEvent] Packet=Desk42.OfficeSupplies.SynergyResolutionPacket CardInstanceId=17f41d0c-c7c0-4e51-8784-c09ed575f726
[HARNESS] [evt CardSlammedEvent] Result=Desk42.Core.AppliedCardResolution CardType=Redact CardInstanceId=17f41d0c-c7c0-4e51-8784-c09ed575f726 ClientVariantId=void_proxy_565 StateBefore=Pending StateAfter=Suspicious CurrentFatigue=1 Outcome=Success RequiredCredits=0 FailureReason=null CreditsDelta=-4 SanityDelta=0.00 SoulIntegrityDelta=-2.00 BlockingModifierId=null CardId=17f41d0c-c7c0-4e51-8784-c09ed575f726
[HARNESS] [input] SLAM resolved=Desk42.RedTape.SlamResult
[HARNESS] [evt SoulIntegrityChangedEvent] Previous=89.00 Current=87.00 Delta=-2.00
[HARNESS] [input] APPROVE (sanity=82.0, phase=AfternoonBlock)
[HARNESS] [evt SanityChangedEvent] Previous=82.00 Current=77.00 TriggeredFugue=False
[EncounterManager] Resolved 'CLM-17096' — Approve. Credits: 16, Sanity: -5, Soul: -1, Dark Intel: 0.
[HARNESS] [evt SoulIntegrityChangedEvent] Previous=87.00 Current=86.00 Delta=-1.00
[HARNESS] [evt ClaimResolvedEvent] Result=Desk42.Core.AppliedClaimResolution ClaimId=CLM-17096 Kind=Approve CreditsDelta=16 SanityDelta=-5.00 SoulIntegrityDelta=-1.00 DarkIntelligenceDelta=0 ClientVariantId=void_proxy_565 ClientSpeciesId=void_proxy
[CascadeReactor] Factions affected: Legal +2, Accounting -1
[ShiftManager] Sequential synergy: +3 credits (CLM-94694 → CLM-17096, shared tag category).
[ShiftManager] Dequeued: CLM-37347 (gel_anomaly). Claim 6/5 this ante. Remaining in queue: 4.
[HARNESS] [evt ClaimQueuedEvent] Claim=Desk42.Core.ActiveClaimData QueueRemaining=4
[CardHandView] Rebuilt: 4 buttons (hand had 4 cards).
[SpatialThreat] queue pressure (4 pending) @ (-2.50, 0.20, 0.50)
[CardHandView] Rebuilt: 5 buttons (hand had 5 cards).
[CardHandView] Rebuilt: 5 buttons (hand had 5 cards).
[EncounterManager] Encounter started: CLM-37347 (gel_anomaly). Hand: 5 cards.
[HARNESS] [input] DENY (sanity=77.0, phase=AfternoonBlock)
[HARNESS] [evt SanityChangedEvent] Previous=77.00 Current=73.00 TriggeredFugue=False
[EncounterManager] Resolved 'CLM-37347' — Deny. Credits: 0, Sanity: -4, Soul: 0, Dark Intel: 0.
[HARNESS] [evt DilemmaTriggeredEvent] Prompt=Q3 projections require a mandatory blood oath to finalize the spreadsheet. EthicalLabel=Sign in blood. BureaucraticLabel=Pay the non-compliance fine. OnEthical=<callback> OnBureaucratic=<callback>
[HARNESS] [input] DILEMMA -> ETHICAL: Prompt=Q3 projections require a mandatory blood oath to finalize the spreadsheet. EthicalLabel=Sign in blood. BureaucraticLabel=Pay the non-compliance fine. OnEthical=<callback> OnBureaucratic=<callba…
[HARNESS] [evt ClaimResolvedEvent] Result=Desk42.Core.AppliedClaimResolution ClaimId=CLM-37347 Kind=Deny CreditsDelta=0 SanityDelta=-4.00 SoulIntegrityDelta=0.00 DarkIntelligenceDelta=0 ClientVariantId=gel_anomaly_292 ClientSpeciesId=gel_anomaly
[CascadeReactor] Factions affected: Legal +2, Accounting -1
[TideSystem] Pressure: 1 → 2. Overperformance: True.
[HARNESS] [evt MemoGeneratedEvent] MemoId=memo_CLM-37347 ClaimId=CLM-37347 Headline=Memo: gel_anomaly_292 Body=FROM: Legal Compliance — Special Cases Unit
TO: Desk 42, Processor
RE: CLM-37347 — Expedited Review Requested

The above…
[ShiftManager] Memo generated: memo_CLM-37347 for claim CLM-37347.
[ShiftManager] Dequeued: CLM-15720 (unregistered_alien). Claim 7/5 this ante. Remaining in queue: 3.
[DilemmaSystem] Moral_BloodOath (Trap): ETHICAL choice. Soul Δ=-20.0, Credit Δ=+0.
[HARNESS] [evt TideEscalatedEvent] OldLevel=1 NewLevel=2 IsOverperformance=True
[...]
The character with Unicode value \u2726 was not found in the [LiberationSans SDF] font asset or any potential fallbacks. It was replaced by Unicode character \u25A1 in text object [Title].
The character with Unicode value \u2726 was not found in the [LiberationSans SDF] font asset or any potential fallbacks. It was replaced by Unicode character \u25A1 in text object [Title].
The character with Unicode value \u2726 was not found in the [LiberationSans SDF] font asset or any potential fallbacks. It was replaced by Unicode character \u25A1 in text object [Title].
The character with Unicode value \u2726 was not found in the [LiberationSans SDF] font asset or any potential fallbacks. It was replaced by Unicode character \u25A1 in text object [Title].
The character with Unicode value \u2726 was not found in the [LiberationSans SDF] font asset or any potential fallbacks. It was replaced by Unicode character \u25A1 in text object [Title].
The character with Unicode value \u2726 was not found in the [LiberationSans SDF] font asset or any potential fallbacks. It was replaced by Unicode character \u25A1 in text object [Title].
The character with Unicode value \u2726 was not found in the [LiberationSans SDF] font asset or any potential fallbacks. It was replaced by Unicode character \u25A1 in text object [Title].
The character with Unicode value \u2726 was not found in the [LiberationSans SDF] font asset or any potential fallbacks. It was replaced by Unicode character \u25A1 in text object [Title].
The character with Unicode value \u2726 was not found in the [LiberationSans SDF] font asset or any potential fallbacks. It was replaced by Unicode character \u25A1 in text object [Title].
The character with Unicode value \u2726 was not found in the [LiberationSans SDF] font asset or any potential fallbacks. It was replaced by Unicode character \u25A1 in text object [Title].
The character with Unicode value \u2726 was not found in the [LiberationSans SDF] font asset or any potential fallbacks. It was replaced by Unicode character \u25A1 in text object [Title].
The character with Unicode value \u2726 was not found in the [LiberationSans SDF] font asset or any potential fallbacks. It was replaced by Unicode character \u25A1 in text object [Title].
The character with Unicode value \u2726 was not found in the [LiberationSans SDF] font asset or any potential fallbacks. It was replaced by Unicode character \u25A1 in text object [Title].
The character with Unicode value \u2726 was not found in the [LiberationSans SDF] font asset or any potential fallbacks. It was replaced by Unicode character \u25A1 in text object [Title].
The character with Unicode value \u2726 was not found in the [LiberationSans SDF] font asset or any potential fallbacks. It was replaced by Unicode character \u25A1 in text object [Title].
The character with Unicode value \u2726 was not found in the [LiberationSans SDF] font asset or any potential fallbacks. It was replaced by Unicode character \u25A1 in text object [Title].
The character with Unicode value \u2726 was not found in the [LiberationSans SDF] font asset or any potential fallbacks. It was replaced by Unicode character \u25A1 in text object [Title].
The character with Unicode value \u2726 was not found in the [LiberationSans SDF] font asset or any potential fallbacks. It was replaced by Unicode character \u25A1 in text object [Title].
The character with Unicode value \u2726 was not found in the [LiberationSans SDF] font asset or any potential fallbacks. It was replaced by Unicode character \u25A1 in text object [Title].
The character with Unicode value \u2726 was not found in the [LiberationSans SDF] font asset or any potential fallbacks. It was replaced by Unicode character \u25A1 in text object [Title].
The character with Unicode value \u2726 was not found in the [LiberationSans SDF] font asset or any potential fallbacks. It was replaced by Unicode character \u25A1 in text object [Title].
The character with Unicode value \u2726 was not found in the [LiberationSans SDF] font asset or any potential fallbacks. It was replaced by Unicode character \u25A1 in text object [Title].
The character with Unicode value \u2726 was not found in the [LiberationSans SDF] font asset or any potential fallbacks. It was replaced by Unicode character \u25A1 in text object [Title].
The character with Unicode value \u2726 was not found in the [LiberationSans SDF] font asset or any potential fallbacks. It was replaced by Unicode character \u25A1 in text object [Title].
The character with Unicode value \u2726 was not found in the [LiberationSans SDF] font asset or any potential fallbacks. It was replaced by Unicode character \u25A1 in text object [Title].
The character with Unicode value \u2726 was not found in the [LiberationSans SDF] font asset or any potential fallbacks. It was replaced by Unicode character \u25A1 in text object [Title].
The character with Unicode value \u2726 was not found in the [LiberationSans SDF] font asset or any potential fallbacks. It was replaced by Unicode character \u25A1 in text object [Title].
The character with Unicode value \u2726 was not found in the [LiberationSans SDF] font asset or any potential fallbacks. It was replaced by Unicode character \u25A1 in text object [Title].
The character with Unicode value \u2726 was not found in the [LiberationSans SDF] font asset or any potential fallbacks. It was replaced by Unicode character \u25A1 in text object [Title].
The character with Unicode value \u2726 was not found in the [LiberationSans SDF] font asset or any potential fallbacks. It was replaced by Unicode character \u25A1 in text object [Title].
The character with Unicode value \u2726 was not found in the [LiberationSans SDF] font asset or any potential fallbacks. It was replaced by Unicode character \u25A1 in text object [Title].
The character with Unicode value \u2726 was not found in the [LiberationSans SDF] font asset or any potential fallbacks. It was replaced by Unicode character \u25A1 in text object [Title].
The character with Unicode value \u2726 was not found in the [LiberationSans SDF] font asset or any potential fallbacks. It was replaced by Unicode character \u25A1 in text object [Title].
The character with Unicode value \u2726 was not found in the [LiberationSans SDF] font asset or any potential fallbacks. It was replaced by Unicode character \u25A1 in text object [Title].
The character with Unicode value \u2726 was not found in the [LiberationSans SDF] font asset or any potential fallbacks. It was replaced by Unicode character \u25A1 in text object [Title].
The character with Unicode value \u2726 was not found in the [LiberationSans SDF] font asset or any potential fallbacks. It was replaced by Unicode character \u25A1 in text object [Title].
The character with Unicode value \u2726 was not found in the [LiberationSans SDF] font asset or any potential fallbacks. It was replaced by Unicode character \u25A1 in text object [Title].
The character with Unicode value \u2726 was not found in the [LiberationSans SDF] font asset or any potential fallbacks. It was replaced by Unicode character \u25A1 in text object [Title].
The character with Unicode value \u2726 was not found in the [LiberationSans SDF] font asset or any potential fallbacks. It was replaced by Unicode character \u25A1 in text object [Title].
The character with Unicode value \u2726 was not found in the [LiberationSans SDF] font asset or any potential fallbacks. It was replaced by Unicode character \u25A1 in text object [Title].
The character with Unicode value \u2726 was not found in the [LiberationSans SDF] font asset or any potential fallbacks. It was replaced by Unicode character \u25A1 in text object [Title].
The character with Unicode value \u2726 was not found in the [LiberationSans SDF] font asset or any potential fallbacks. It was replaced by Unicode character \u25A1 in text object [Title].
The character with Unicode value \u2726 was not found in the [LiberationSans SDF] font asset or any potential fallbacks. It was replaced by Unicode character \u25A1 in text object [Title].
The character with Unicode value \u2726 was not found in the [LiberationSans SDF] font asset or any potential fallbacks. It was replaced by Unicode character \u25A1 in text object [Title].
The character with Unicode value \u2726 was not found in the [LiberationSans SDF] font asset or any potential fallbacks. It was replaced by Unicode character \u25A1 in text object [Title].
The character with Unicode value \u2726 was not found in the [LiberationSans SDF] font asset or any potential fallbacks. It was replaced by Unicode character \u25A1 in text object [Title].
The character with Unicode value \u2726 was not found in the [LiberationSans SDF] font asset or any potential fallbacks. It was replaced by Unicode character \u25A1 in text object [Title].
The character with Unicode value \u2726 was not found in the [LiberationSans SDF] font asset or any potential fallbacks. It was replaced by Unicode character \u25A1 in text object [Title].
The character with Unicode value \u2726 was not found in the [LiberationSans SDF] font asset or any potential fallbacks. It was replaced by Unicode character \u25A1 in text object [Title].
The character with Unicode value \u2726 was not found in the [LiberationSans SDF] font asset or any potential fallbacks. It was replaced by Unicode character \u25A1 in text object [Title].
The character with Unicode value \u2726 was not found in the [LiberationSans SDF] font asset or any potential fallbacks. It was replaced by Unicode character \u25A1 in text object [Title].
The character with Unicode value \u2726 was not found in the [LiberationSans SDF] font asset or any potential fallbacks. It was replaced by Unicode character \u25A1 in text object [Title].
The character with Unicode value \u2726 was not found in the [LiberationSans SDF] font asset or any potential fallbacks. It was replaced by Unicode character \u25A1 in text object [Title].
The character with Unicode value \u2726 was not found in the [LiberationSans SDF] font asset or any potential fallbacks. It was replaced by Unicode character \u25A1 in text object [Title].
The character with Unicode value \u2726 was not found in the [LiberationSans SDF] font asset or any potential fallbacks. It was replaced by Unicode character \u25A1 in text object [Title].
The character with Unicode value \u2726 was not found in the [LiberationSans SDF] font asset or any potential fallbacks. It was replaced by Unicode character \u25A1 in text object [Title].
The character with Unicode value \u2726 was not found in the [LiberationSans SDF] font asset or any potential fallbacks. It was replaced by Unicode character \u25A1 in text object [Title].
The character with Unicode value \u2726 was not found in the [LiberationSans SDF] font asset or any potential fallbacks. It was replaced by Unicode character \u25A1 in text object [Title].
The character with Unicode value \u2726 was not found in the [LiberationSans SDF] font asset or any potential fallbacks. It was replaced by Unicode character \u25A1 in text object [Title].
The character with Unicode value \u2726 was not found in the [LiberationSans SDF] font asset or any potential fallbacks. It was replaced by Unicode character \u25A1 in text object [Title].
The character with Unicode value \u2726 was not found in the [LiberationSans SDF] font asset or any potential fallbacks. It was replaced by Unicode character \u25A1 in text object [Title].
The character with Unicode value \u2726 was not found in the [LiberationSans SDF] font asset or any potential fallbacks. It was replaced by Unicode character \u25A1 in text object [Title].
The character with Unicode value \u2726 was not found in the [LiberationSans SDF] font asset or any potential fallbacks. It was replaced by Unicode character \u25A1 in text object [Title].
The character with Unicode value \u2726 was not found in the [LiberationSans SDF] font asset or any potential fallbacks. It was replaced by Unicode character \u25A1 in text object [Title].
The character with Unicode value \u2726 was not found in the [LiberationSans SDF] font asset or any potential fallbacks. It was replaced by Unicode character \u25A1 in text object [Title].
The character with Unicode value \u2726 was not found in the [LiberationSans SDF] font asset or any potential fallbacks. It was replaced by Unicode character \u25A1 in text object [Title].
The character with Unicode value \u2726 was not found in the [LiberationSans SDF] font asset or any potential fallbacks. It was replaced by Unicode character \u25A1 in text object [Title].
The character with Unicode value \u2726 was not found in the [LiberationSans SDF] font asset or any potential fallbacks. It was replaced by Unicode character \u25A1 in text object [Title].
The character with Unicode value \u2726 was not found in the [LiberationSans SDF] font asset or any potential fallbacks. It was replaced by Unicode character \u25A1 in text object [Title].
The character with Unicode value \u2726 was not found in the [LiberationSans SDF] font asset or any potential fallbacks. It was replaced by Unicode character \u25A1 in text object [Title].
The character with Unicode value \u2726 was not found in the [LiberationSans SDF] font asset or any potential fallbacks. It was replaced by Unicode character \u25A1 in text object [Title].
The character with Unicode value \u2726 was not found in the [LiberationSans SDF] font asset or any potential fallbacks. It was replaced by Unicode character \u25A1 in text object [Title].
The character with Unicode value \u2726 was not found in the [LiberationSans SDF] font asset or any potential fallbacks. It was replaced by Unicode character \u25A1 in text object [Title].
The character with Unicode value \u2726 was not found in the [LiberationSans SDF] font asset or any potential fallbacks. It was replaced by Unicode character \u25A1 in text object [Title].
The character with Unicode value \u2726 was not found in the [LiberationSans SDF] font asset or any potential fallbacks. It was replaced by Unicode character \u25A1 in text object [Title].
[HARNESS] [input] DENY (sanity=12.0, phase=MorningBlock)
[HARNESS] [evt SanityChangedEvent] Previous=12.00 Current=8.00 TriggeredFugue=False
[SpatialThreat] sanity threshold 10 @ (-0.61, 1.60, -0.81)
[EncounterManager] Resolved 'CLM-22970' — Deny. Credits: 0, Sanity: -4, Soul: 0, Dark Intel: 0.
[HARNESS] [evt ClaimResolvedEvent] Result=Desk42.Core.AppliedClaimResolution ClaimId=CLM-22970 Kind=Deny CreditsDelta=0 SanityDelta=-4.00 SoulIntegrityDelta=0.00 DarkIntelligenceDelta=0 ClientVariantId=moth_accountant_450 ClientSpeciesId=moth_accountant
[CascadeReactor] Factions affected: Legal +2, Accounting -1
[HARNESS] [evt MemoGeneratedEvent] MemoId=memo_CLM-22970 ClaimId=CLM-22970 Headline=Memo: moth_accountant_450 Body=FROM: Compliance Monitoring
TO: Desk 42
RE: Shift 5 Processing Note

This memo serves as notice that T. Marlowe's claim …
[ShiftManager] Memo generated: memo_CLM-22970 for claim CLM-22970.
[ShiftManager] Dequeued: CLM-16945 (void_proxy). Claim 23/6 this ante. Remaining in queue: 4.
[HARNESS] [evt ClaimQueuedEvent] Claim=Desk42.Core.ActiveClaimData QueueRemaining=4
[CardHandView] Rebuilt: 5 buttons (hand had 5 cards).
[CardHandView] Rebuilt: 5 buttons (hand had 5 cards).
[EncounterManager] Encounter started: CLM-16945 (void_proxy). Hand: 5 cards.
[EntropyManager] Layer TextCorruption: ON. NDAs: 0. Interaction compromised: False.
[HARNESS] [input] DENY (sanity=8.0, phase=MorningBlock)
[HARNESS] [evt SanityChangedEvent] Previous=8.00 Current=3.00 TriggeredFugue=False
[EncounterManager] Resolved 'CLM-16945' — Deny. Credits: 0, Sanity: -5, Soul: 0, Dark Intel: 0.
[HARNESS] [evt ClaimResolvedEvent] Result=Desk42.Core.AppliedClaimResolution ClaimId=CLM-16945 Kind=Deny CreditsDelta=0 SanityDelta=-5.00 SoulIntegrityDelta=0.00 DarkIntelligenceDelta=0 ClientVariantId=void_proxy_448 ClientSpeciesId=void_proxy
[CascadeReactor] Factions affected: Legal +2, Accounting -1
[HARNESS] [evt MemoGeneratedEvent] MemoId=memo_CLM-16945 ClaimId=CLM-16945 Headline=Memo: void_proxy_448 Body=FROM: [NO SENDER]
TO: [NO RECIPIENT]
RE: [FIELD CORRUPTED]

T. Marlowe filed a claim.
You processed it.
You remember wha…
[ShiftManager] Memo generated: memo_CLM-16945 for claim CLM-16945.
[ShiftManager] Sequential synergy: +3 credits (CLM-22970 → CLM-16945, shared tag category).
[ShiftManager] Dequeued: CLM-67081 (gel_anomaly). Claim 24/6 this ante. Remaining in queue: 3.
[HARNESS] [evt ClaimQueuedEvent] Claim=Desk42.Core.ActiveClaimData QueueRemaining=3
[CardHandView] Rebuilt: 5 buttons (hand had 5 cards).
[CardHandView] Rebuilt: 5 buttons (hand had 5 cards).
[EncounterManager] Encounter started: CLM-67081 (gel_anomaly). Hand: 5 cards.
[EntropyManager] Layer TextCorruption: ON. NDAs: 0. Interaction compromised: False.
[HARNESS] [input] APPROVE (sanity=3.0, phase=MorningBlock)
[HARNESS] [evt SanityChangedEvent] Previous=3.00 Current=0.00 TriggeredFugue=True
[SpatialThreat] sanity threshold 0 @ (0.72, 1.60, 0.91)
[FugueRandomizer] Fugue state — input scramble active.
[TideSystem] Pressure: 3 → 2. Overperformance: False.
[ShiftManager] Fugue triggered — ending run.
[RunStateController] Fugue State triggered.
[EncounterManager] Resolved 'CLM-67081' — Approve. Credits: 20, Sanity: -3, Soul: 0, Dark Intel: 0.
[HARNESS] [evt TideEscalatedEvent] OldLevel=3 NewLevel=2 IsOverperformance=False
[HARNESS] [evt ShiftPhaseChangedEvent] Previous=MorningBlock Current=ClockOut
[HARNESS] [evt ClaimResolvedEvent] Result=Desk42.Core.AppliedClaimResolution ClaimId=CLM-67081 Kind=Approve CreditsDelta=20 SanityDelta=-3.00 SoulIntegrityDelta=0.00 DarkIntelligenceDelta=0 ClientVariantId=gel_anomaly_123 ClientSpeciesId=gel_anomaly
[CascadeReactor] Factions affected: Legal +2, Accounting -1
[HARNESS] [evt MemoGeneratedEvent] MemoId=memo_CLM-67081 ClaimId=CLM-67081 Headline=Memo: gel_anomaly_123 Body=FROM: Yourself
TO: Yourself
RE: What You Already Know

You know what the forms say.
You know what you signed.
The compan…
[ShiftManager] Memo generated: memo_CLM-67081 for claim CLM-67081.
The character with Unicode value \U0001F3C1 was not found in the [LiberationSans SDF] font asset or any potential fallbacks. It was replaced by Unicode character \u25A1 in text object [Label].
The character with Unicode value \u26A0 was not found in the [LiberationSans SDF] font asset or any potential fallbacks. It was replaced by Unicode character \u25A1 in text object [Title].
[PersonalExpenses] Paid Medical Copay: ¢20. Remaining: ¢410.
[PersonalExpenses] Paid Food & Coffee: ¢18. Remaining: ¢392.
[GameManager] Run results committed. Claims: 24, Credits carried over: 196
[Reflection] UI Narrator outputs: There is nothing left of you but the work.
[RetirementFund] +49 AuditPoints (claims:24 soul:0 shifts:5 fugue:True). Balance: 49
[HARNESS] [evt RunCompletedEvent] ShiftNumber=5 ClaimsProcessed=24 CreditsEarned=452 EfficiencyRating=2585.00 SoulIntegrity=0.00 Sanity=0.00 PersonalExpenseDebt=0 ComboMultiplier=1.00 ArchetypeId=auditor SeedCode=AAN5EP FugueTriggered=True
[MilestoneTracker] Milestone unlocked: TheCompanyMan.
[HARNESS] [evt MilestoneReachedEvent] MilestoneId=TheCompanyMan ShiftNumber=0 Tag=
[HARNESS] [shot] end skipped (headless)
The character with Unicode value \u2726 was not found in the [LiberationSans SDF] font asset or any potential fallbacks. It was replaced by Unicode character \u25A1 in text object [Title].
[HARNESS] === SHIFT END === completed=True claims=24 sanity=0.0 soul=0.0 credits=392 debt=0 errors=0 realtime=31s
[SaveSystem] ⚠ All save data wiped.
]]></output>
              </test-case>
            </test-suite>
          </test-suite>
        </test-suite>
      </test-suite>
    </test-suite>
  </test-suite>
</test-run>